epochs: 25
lstm_hidden_dimension: 300
batch_size: 64
d_a: 200
emb_size: 300
GPU: True
use_cuda: True
add_gcn: True
add_syndrome: True
add_herbatt: True
save_path: 'logs/Their_data/hypher/lr/lr_0.0015.log'


epoch  1 train end : avg_loss = 0.0007precision@5 : 0.2099, precision@10 : 0.1574, precision@20 : 0.1191
recall@5 : 0.1480, recall@10 : 0.2171, precision@20 : 0.3337
ndcg@5 : 0.2434 , ndcg@10 : 0.2788 , ndcg@20 : 0.3074

--------------------------------------------------
epoch  1 test end : avg_loss = 0.0007
precision@5 : 0.2282 , precision@10 : 0.1776 , precision@20 : 0.1339
recall@5 : 0.1509, recall@10 : 0.2336, precision@20 : 0.3463
ndcg@5 : 0.2636 , ndcg@10 : 0.3009 , ndcg@20 : 0.3290
epoch  2 train end : avg_loss = 0.0006precision@5 : 0.2377, precision@10 : 0.1859, precision@20 : 0.1379
recall@5 : 0.1705, recall@10 : 0.2650, precision@20 : 0.3906
ndcg@5 : 0.2755 , ndcg@10 : 0.3229 , ndcg@20 : 0.3545

--------------------------------------------------
epoch  2 test end : avg_loss = 0.0007
precision@5 : 0.2681 , precision@10 : 0.2130 , precision@20 : 0.1612
recall@5 : 0.1835, recall@10 : 0.2890, precision@20 : 0.4258
ndcg@5 : 0.3084 , ndcg@10 : 0.3616 , ndcg@20 : 0.3940
epoch  3 train end : avg_loss = 0.0005precision@5 : 0.2684, precision@10 : 0.2135, precision@20 : 0.1572
recall@5 : 0.1966, recall@10 : 0.3086, precision@20 : 0.4496
ndcg@5 : 0.3094 , ndcg@10 : 0.3678 , ndcg@20 : 0.4010

--------------------------------------------------
epoch  3 test end : avg_loss = 0.0006
precision@5 : 0.2907 , precision@10 : 0.2333 , precision@20 : 0.1749
recall@5 : 0.2034, recall@10 : 0.3150, precision@20 : 0.4570
ndcg@5 : 0.3329 , ndcg@10 : 0.3905 , ndcg@20 : 0.4242
epoch  4 train end : avg_loss = 0.0005precision@5 : 0.2879, precision@10 : 0.2291, precision@20 : 0.1672
recall@5 : 0.2148, recall@10 : 0.3361, precision@20 : 0.4819
ndcg@5 : 0.3300 , ndcg@10 : 0.3925 , ndcg@20 : 0.4263

--------------------------------------------------
epoch  4 test end : avg_loss = 0.0006
precision@5 : 0.3051 , precision@10 : 0.2440 , precision@20 : 0.1818
recall@5 : 0.2153, recall@10 : 0.3365, precision@20 : 0.4832
ndcg@5 : 0.3460 , ndcg@10 : 0.4083 , ndcg@20 : 0.4406
epoch  5 train end : avg_loss = 0.0005precision@5 : 0.3015, precision@10 : 0.2394, precision@20 : 0.1742
recall@5 : 0.2273, recall@10 : 0.3538, precision@20 : 0.5043
ndcg@5 : 0.3461 , ndcg@10 : 0.4112 , ndcg@20 : 0.4454

--------------------------------------------------
epoch  5 test end : avg_loss = 0.0006
precision@5 : 0.3156 , precision@10 : 0.2524 , precision@20 : 0.1879
recall@5 : 0.2268, recall@10 : 0.3496, precision@20 : 0.5008
ndcg@5 : 0.3578 , ndcg@10 : 0.4222 , ndcg@20 : 0.4528
epoch  6 train end : avg_loss = 0.0005precision@5 : 0.3138, precision@10 : 0.2479, precision@20 : 0.1799
recall@5 : 0.2380, recall@10 : 0.3688, precision@20 : 0.5229
ndcg@5 : 0.3602 , ndcg@10 : 0.4268 , ndcg@20 : 0.4615

--------------------------------------------------
epoch  6 test end : avg_loss = 0.0006
precision@5 : 0.3258 , precision@10 : 0.2562 , precision@20 : 0.1894
recall@5 : 0.2336, recall@10 : 0.3558, precision@20 : 0.5041
ndcg@5 : 0.3690 , ndcg@10 : 0.4294 , ndcg@20 : 0.4632
epoch  7 train end : avg_loss = 0.0005precision@5 : 0.3246, precision@10 : 0.2561, precision@20 : 0.1845
recall@5 : 0.2478, recall@10 : 0.3822, precision@20 : 0.5379
ndcg@5 : 0.3730 , ndcg@10 : 0.4406 , ndcg@20 : 0.4753

--------------------------------------------------
epoch  7 test end : avg_loss = 0.0006
precision@5 : 0.3238 , precision@10 : 0.2611 , precision@20 : 0.1931
recall@5 : 0.2319, recall@10 : 0.3613, precision@20 : 0.5170
ndcg@5 : 0.3687 , ndcg@10 : 0.4364 , ndcg@20 : 0.4662
epoch  8 train end : avg_loss = 0.0005precision@5 : 0.3338, precision@10 : 0.2634, precision@20 : 0.1889
recall@5 : 0.2569, recall@10 : 0.3946, precision@20 : 0.5527
ndcg@5 : 0.3841 , ndcg@10 : 0.4529 , ndcg@20 : 0.4874

--------------------------------------------------
epoch  8 test end : avg_loss = 0.0006
precision@5 : 0.3256 , precision@10 : 0.2627 , precision@20 : 0.1930
recall@5 : 0.2362, recall@10 : 0.3681, precision@20 : 0.5188
ndcg@5 : 0.3698 , ndcg@10 : 0.4372 , ndcg@20 : 0.4673
epoch  9 train end : avg_loss = 0.0005precision@5 : 0.3440, precision@10 : 0.2702, precision@20 : 0.1934
recall@5 : 0.2672, recall@10 : 0.4066, precision@20 : 0.5666
ndcg@5 : 0.3970 , ndcg@10 : 0.4662 , ndcg@20 : 0.5008

--------------------------------------------------
epoch  9 test end : avg_loss = 0.0006
precision@5 : 0.3276 , precision@10 : 0.2631 , precision@20 : 0.1936
recall@5 : 0.2370, recall@10 : 0.3683, precision@20 : 0.5195
ndcg@5 : 0.3722 , ndcg@10 : 0.4391 , ndcg@20 : 0.4728
epoch 10 train end : avg_loss = 0.0005precision@5 : 0.3505, precision@10 : 0.2764, precision@20 : 0.1971
recall@5 : 0.2733, recall@10 : 0.4184, precision@20 : 0.5801
ndcg@5 : 0.4063 , ndcg@10 : 0.4779 , ndcg@20 : 0.5121

--------------------------------------------------
epoch 10 test end : avg_loss = 0.0006
precision@5 : 0.3246 , precision@10 : 0.2622 , precision@20 : 0.1937
recall@5 : 0.2340, recall@10 : 0.3689, precision@20 : 0.5224
ndcg@5 : 0.3676 , ndcg@10 : 0.4371 , ndcg@20 : 0.4705
epoch 11 train end : avg_loss = 0.0005precision@5 : 0.3628, precision@10 : 0.2837, precision@20 : 0.2012
recall@5 : 0.2842, recall@10 : 0.4303, precision@20 : 0.5935
ndcg@5 : 0.4194 , ndcg@10 : 0.4901 , ndcg@20 : 0.5240

--------------------------------------------------
epoch 11 test end : avg_loss = 0.0006
precision@5 : 0.3250 , precision@10 : 0.2613 , precision@20 : 0.1923
recall@5 : 0.2347, recall@10 : 0.3654, precision@20 : 0.5165
ndcg@5 : 0.3685 , ndcg@10 : 0.4358 , ndcg@20 : 0.4679
epoch 12 train end : avg_loss = 0.0005precision@5 : 0.3708, precision@10 : 0.2902, precision@20 : 0.2049
recall@5 : 0.2929, recall@10 : 0.4427, precision@20 : 0.6057
ndcg@5 : 0.4303 , ndcg@10 : 0.5019 , ndcg@20 : 0.5356

--------------------------------------------------
epoch 12 test end : avg_loss = 0.0006
precision@5 : 0.3220 , precision@10 : 0.2603 , precision@20 : 0.1920
recall@5 : 0.2347, recall@10 : 0.3673, precision@20 : 0.5169
ndcg@5 : 0.3668 , ndcg@10 : 0.4349 , ndcg@20 : 0.4682
epoch 13 train end : avg_loss = 0.0004precision@5 : 0.3796, precision@10 : 0.2962, precision@20 : 0.2083
recall@5 : 0.3022, recall@10 : 0.4531, precision@20 : 0.6170
ndcg@5 : 0.4409 , ndcg@10 : 0.5125 , ndcg@20 : 0.5460

--------------------------------------------------
epoch 13 test end : avg_loss = 0.0006
precision@5 : 0.3294 , precision@10 : 0.2605 , precision@20 : 0.1920
recall@5 : 0.2384, recall@10 : 0.3660, precision@20 : 0.5166
ndcg@5 : 0.3729 , ndcg@10 : 0.4366 , ndcg@20 : 0.4702
epoch 14 train end : avg_loss = 0.0004precision@5 : 0.3878, precision@10 : 0.3021, precision@20 : 0.2124
recall@5 : 0.3098, recall@10 : 0.4642, precision@20 : 0.6318
ndcg@5 : 0.4516 , ndcg@10 : 0.5248 , ndcg@20 : 0.5581

--------------------------------------------------
epoch 14 test end : avg_loss = 0.0006
precision@5 : 0.3216 , precision@10 : 0.2587 , precision@20 : 0.1924
recall@5 : 0.2358, recall@10 : 0.3660, precision@20 : 0.5237
ndcg@5 : 0.3665 , ndcg@10 : 0.4375 , ndcg@20 : 0.4698
epoch 15 train end : avg_loss = 0.0004precision@5 : 0.3970, precision@10 : 0.3079, precision@20 : 0.2155
recall@5 : 0.3185, recall@10 : 0.4749, precision@20 : 0.6424
ndcg@5 : 0.4629 , ndcg@10 : 0.5358 , ndcg@20 : 0.5684

--------------------------------------------------
epoch 15 test end : avg_loss = 0.0006
precision@5 : 0.3202 , precision@10 : 0.2551 , precision@20 : 0.1893
recall@5 : 0.2337, recall@10 : 0.3601, precision@20 : 0.5142
ndcg@5 : 0.3638 , ndcg@10 : 0.4312 , ndcg@20 : 0.4640
epoch 16 train end : avg_loss = 0.0004precision@5 : 0.4053, precision@10 : 0.3143, precision@20 : 0.2188
recall@5 : 0.3268, recall@10 : 0.4858, precision@20 : 0.6532
ndcg@5 : 0.4735 , ndcg@10 : 0.5464 , ndcg@20 : 0.5787

--------------------------------------------------
epoch 16 test end : avg_loss = 0.0006
precision@5 : 0.3191 , precision@10 : 0.2555 , precision@20 : 0.1903
recall@5 : 0.2311, recall@10 : 0.3575, precision@20 : 0.5129
ndcg@5 : 0.3622 , ndcg@10 : 0.4301 , ndcg@20 : 0.4628
epoch 17 train end : avg_loss = 0.0004precision@5 : 0.4139, precision@10 : 0.3208, precision@20 : 0.2219
recall@5 : 0.3352, recall@10 : 0.4982, precision@20 : 0.6640
ndcg@5 : 0.4841 , ndcg@10 : 0.5570 , ndcg@20 : 0.5888

--------------------------------------------------
epoch 17 test end : avg_loss = 0.0006
precision@5 : 0.3145 , precision@10 : 0.2539 , precision@20 : 0.1886
recall@5 : 0.2281, recall@10 : 0.3596, precision@20 : 0.5139
ndcg@5 : 0.3594 , ndcg@10 : 0.4292 , ndcg@20 : 0.4611
epoch 18 train end : avg_loss = 0.0004precision@5 : 0.4258, precision@10 : 0.3274, precision@20 : 0.2254
recall@5 : 0.3490, recall@10 : 0.5111, precision@20 : 0.6770
ndcg@5 : 0.5000 , ndcg@10 : 0.5709 , ndcg@20 : 0.6020

--------------------------------------------------
epoch 18 test end : avg_loss = 0.0006
precision@5 : 0.3095 , precision@10 : 0.2518 , precision@20 : 0.1884
recall@5 : 0.2236, recall@10 : 0.3526, precision@20 : 0.5073
ndcg@5 : 0.3507 , ndcg@10 : 0.4218 , ndcg@20 : 0.4548
epoch 19 train end : avg_loss = 0.0004precision@5 : 0.4322, precision@10 : 0.3329, precision@20 : 0.2286
recall@5 : 0.3553, recall@10 : 0.5206, precision@20 : 0.6861
ndcg@5 : 0.5088 , ndcg@10 : 0.5806 , ndcg@20 : 0.6113

--------------------------------------------------
epoch 19 test end : avg_loss = 0.0006
precision@5 : 0.3048 , precision@10 : 0.2508 , precision@20 : 0.1876
recall@5 : 0.2200, recall@10 : 0.3515, precision@20 : 0.5076
ndcg@5 : 0.3477 , ndcg@10 : 0.4215 , ndcg@20 : 0.4550
epoch 20 train end : avg_loss = 0.0004precision@5 : 0.4410, precision@10 : 0.3393, precision@20 : 0.2316
recall@5 : 0.3651, recall@10 : 0.5316, precision@20 : 0.6964
ndcg@5 : 0.5204 , ndcg@10 : 0.5915 , ndcg@20 : 0.6216

--------------------------------------------------
epoch 20 test end : avg_loss = 0.0006
precision@5 : 0.3082 , precision@10 : 0.2502 , precision@20 : 0.1881
recall@5 : 0.2217, recall@10 : 0.3527, precision@20 : 0.5129
ndcg@5 : 0.3479 , ndcg@10 : 0.4218 , ndcg@20 : 0.4547
epoch 21 train end : avg_loss = 0.0004precision@5 : 0.4476, precision@10 : 0.3441, precision@20 : 0.2343
recall@5 : 0.3714, recall@10 : 0.5421, precision@20 : 0.7069
ndcg@5 : 0.5289 , ndcg@10 : 0.6011 , ndcg@20 : 0.6307

--------------------------------------------------
epoch 21 test end : avg_loss = 0.0006
precision@5 : 0.3060 , precision@10 : 0.2464 , precision@20 : 0.1855
recall@5 : 0.2224, recall@10 : 0.3459, precision@20 : 0.5022
ndcg@5 : 0.3469 , ndcg@10 : 0.4171 , ndcg@20 : 0.4504
epoch 22 train end : avg_loss = 0.0004precision@5 : 0.4566, precision@10 : 0.3502, precision@20 : 0.2370
recall@5 : 0.3818, recall@10 : 0.5528, precision@20 : 0.7165
ndcg@5 : 0.5410 , ndcg@10 : 0.6120 , ndcg@20 : 0.6410

--------------------------------------------------
epoch 22 test end : avg_loss = 0.0007
precision@5 : 0.3080 , precision@10 : 0.2475 , precision@20 : 0.1839
recall@5 : 0.2234, recall@10 : 0.3500, precision@20 : 0.5027
ndcg@5 : 0.3490 , ndcg@10 : 0.4171 , ndcg@20 : 0.4500
epoch 23 train end : avg_loss = 0.0004precision@5 : 0.4661, precision@10 : 0.3559, precision@20 : 0.2401
recall@5 : 0.3913, recall@10 : 0.5640, precision@20 : 0.7258
ndcg@5 : 0.5523 , ndcg@10 : 0.6222 , ndcg@20 : 0.6505

--------------------------------------------------
epoch 23 test end : avg_loss = 0.0007
precision@5 : 0.3003 , precision@10 : 0.2459 , precision@20 : 0.1834
recall@5 : 0.2164, recall@10 : 0.3489, precision@20 : 0.4994
ndcg@5 : 0.3387 , ndcg@10 : 0.4109 , ndcg@20 : 0.4422
epoch 24 train end : avg_loss = 0.0004precision@5 : 0.4733, precision@10 : 0.3613, precision@20 : 0.2423
recall@5 : 0.4002, recall@10 : 0.5737, precision@20 : 0.7334
ndcg@5 : 0.5621 , ndcg@10 : 0.6314 , ndcg@20 : 0.6596

--------------------------------------------------
epoch 24 test end : avg_loss = 0.0007
precision@5 : 0.2965 , precision@10 : 0.2416 , precision@20 : 0.1839
recall@5 : 0.2139, recall@10 : 0.3378, precision@20 : 0.4978
ndcg@5 : 0.3374 , ndcg@10 : 0.4113 , ndcg@20 : 0.4439
epoch 25 train end : avg_loss = 0.0004precision@5 : 0.4814, precision@10 : 0.3660, precision@20 : 0.2443
recall@5 : 0.4084, recall@10 : 0.5818, precision@20 : 0.7412
ndcg@5 : 0.5737 , ndcg@10 : 0.6412 , ndcg@20 : 0.6686

--------------------------------------------------
epoch 25 test end : avg_loss = 0.0007
precision@5 : 0.2933 , precision@10 : 0.2408 , precision@20 : 0.1824
recall@5 : 0.2133, recall@10 : 0.3387, precision@20 : 0.4955
ndcg@5 : 0.3351 , ndcg@10 : 0.4088 , ndcg@20 : 0.4415
