2021-12-18 16:16:04,575 - INFO - test - loading data...
2021-12-18 16:16:08,439 - INFO - test - load done
2021-12-18 16:16:16,463 - INFO - test - Running Epoch 1
2021-12-18 16:18:32,607 - INFO - test - epoch  1 train end: avg_loss = 0.0008
2021-12-18 16:18:32,607 - INFO - test - precision@5 : 0.2089, precision@10 : 0.1591, precision@20 : 0.1198 
2021-12-18 16:18:32,607 - INFO - test - recall@5: 0.1479, recall@10: 0.2240, precision@20 : 0.3379
2021-12-18 16:18:32,607 - INFO - test - ndcg@5 : 0.2452 , ndcg@10 : 0.2826 , ndcg@20 : 0.3114 
2021-12-18 16:18:42,094 - INFO - test - 
*****************evaluating****************

2021-12-18 16:18:42,094 - INFO - test - epoch  1 test end : avg_loss = 0.0008
2021-12-18 16:18:42,095 - INFO - test - precision@5 : 0.2436 , precision@10 : 0.1903 , precision@20 : 0.1414 
2021-12-18 16:18:42,095 - INFO - test - recall@5 : 0.1638, recall@10 : 0.2519, precision@20 : 0.3638 
2021-12-18 16:18:42,095 - INFO - test - ndcg@5 : 0.2787 , ndcg@10 : 0.3167 , ndcg@20 : 0.3473 
2021-12-18 16:18:42,095 - INFO - test - Running Epoch 2
2021-12-18 16:21:03,968 - INFO - test - epoch  2 train end: avg_loss = 0.0008
2021-12-18 16:21:03,968 - INFO - test - precision@5 : 0.2462, precision@10 : 0.1943, precision@20 : 0.1433 
2021-12-18 16:21:03,968 - INFO - test - recall@5: 0.1780, recall@10: 0.2781, precision@20 : 0.4082
2021-12-18 16:21:03,968 - INFO - test - ndcg@5 : 0.2863 , ndcg@10 : 0.3369 , ndcg@20 : 0.3696 
2021-12-18 16:21:13,411 - INFO - test - 
*****************evaluating****************

2021-12-18 16:21:13,412 - INFO - test - epoch  2 test end : avg_loss = 0.0007
2021-12-18 16:21:13,412 - INFO - test - precision@5 : 0.2769 , precision@10 : 0.2183 , precision@20 : 0.1640 
2021-12-18 16:21:13,412 - INFO - test - recall@5 : 0.1931, recall@10 : 0.2972, precision@20 : 0.4334 
2021-12-18 16:21:13,412 - INFO - test - ndcg@5 : 0.3171 , ndcg@10 : 0.3693 , ndcg@20 : 0.3998 
2021-12-18 16:21:13,412 - INFO - test - Running Epoch 3
2021-12-18 16:23:36,604 - INFO - test - epoch  3 train end: avg_loss = 0.0007
2021-12-18 16:23:36,605 - INFO - test - precision@5 : 0.2725, precision@10 : 0.2148, precision@20 : 0.1579 
2021-12-18 16:23:36,605 - INFO - test - recall@5: 0.2018, recall@10: 0.3143, precision@20 : 0.4554
2021-12-18 16:23:36,605 - INFO - test - ndcg@5 : 0.3160 , ndcg@10 : 0.3736 , ndcg@20 : 0.4074 
2021-12-18 16:23:46,257 - INFO - test - 
*****************evaluating****************

2021-12-18 16:23:46,258 - INFO - test - epoch  3 test end : avg_loss = 0.0007
2021-12-18 16:23:46,258 - INFO - test - precision@5 : 0.2921 , precision@10 : 0.2331 , precision@20 : 0.1749 
2021-12-18 16:23:46,258 - INFO - test - recall@5 : 0.2069, recall@10 : 0.3186, precision@20 : 0.4607 
2021-12-18 16:23:46,258 - INFO - test - ndcg@5 : 0.3335 , ndcg@10 : 0.3914 , ndcg@20 : 0.4238 
2021-12-18 16:23:46,258 - INFO - test - Running Epoch 4
2021-12-18 16:26:07,870 - INFO - test - epoch  4 train end: avg_loss = 0.0007
2021-12-18 16:26:07,870 - INFO - test - precision@5 : 0.2880, precision@10 : 0.2271, precision@20 : 0.1661 
2021-12-18 16:26:07,870 - INFO - test - recall@5: 0.2161, recall@10: 0.3343, precision@20 : 0.4810
2021-12-18 16:26:07,870 - INFO - test - ndcg@5 : 0.3334 , ndcg@10 : 0.3944 , ndcg@20 : 0.4283 
2021-12-18 16:26:17,413 - INFO - test - 
*****************evaluating****************

2021-12-18 16:26:17,413 - INFO - test - epoch  4 test end : avg_loss = 0.0006
2021-12-18 16:26:17,413 - INFO - test - precision@5 : 0.3019 , precision@10 : 0.2412 , precision@20 : 0.1806 
2021-12-18 16:26:17,413 - INFO - test - recall@5 : 0.2154, recall@10 : 0.3365, precision@20 : 0.4836 
2021-12-18 16:26:17,413 - INFO - test - ndcg@5 : 0.3465 , ndcg@10 : 0.4095 , ndcg@20 : 0.4403 
2021-12-18 16:26:17,413 - INFO - test - Running Epoch 5
2021-12-18 16:28:35,515 - INFO - test - epoch  5 train end: avg_loss = 0.0007
2021-12-18 16:28:35,515 - INFO - test - precision@5 : 0.2992, precision@10 : 0.2353, precision@20 : 0.1709 
2021-12-18 16:28:35,516 - INFO - test - recall@5: 0.2262, recall@10: 0.3482, precision@20 : 0.4974
2021-12-18 16:28:35,516 - INFO - test - ndcg@5 : 0.3461 , ndcg@10 : 0.4083 , ndcg@20 : 0.4434 
2021-12-18 16:28:45,001 - INFO - test - 
*****************evaluating****************

2021-12-18 16:28:45,002 - INFO - test - epoch  5 test end : avg_loss = 0.0007
2021-12-18 16:28:45,002 - INFO - test - precision@5 : 0.3121 , precision@10 : 0.2488 , precision@20 : 0.1834 
2021-12-18 16:28:45,002 - INFO - test - recall@5 : 0.2234, recall@10 : 0.3431, precision@20 : 0.4870 
2021-12-18 16:28:45,002 - INFO - test - ndcg@5 : 0.3574 , ndcg@10 : 0.4170 , ndcg@20 : 0.4483 
2021-12-18 16:28:45,002 - INFO - test - Running Epoch 6
2021-12-18 16:31:08,452 - INFO - test - epoch  6 train end: avg_loss = 0.0007
2021-12-18 16:31:08,452 - INFO - test - precision@5 : 0.3086, precision@10 : 0.2439, precision@20 : 0.1766 
2021-12-18 16:31:08,452 - INFO - test - recall@5: 0.2343, recall@10: 0.3628, precision@20 : 0.5149
2021-12-18 16:31:08,452 - INFO - test - ndcg@5 : 0.3573 , ndcg@10 : 0.4226 , ndcg@20 : 0.4571 
2021-12-18 16:31:18,008 - INFO - test - 
*****************evaluating****************

2021-12-18 16:31:18,009 - INFO - test - epoch  6 test end : avg_loss = 0.0007
2021-12-18 16:31:18,009 - INFO - test - precision@5 : 0.3180 , precision@10 : 0.2522 , precision@20 : 0.1868 
2021-12-18 16:31:18,009 - INFO - test - recall@5 : 0.2284, recall@10 : 0.3498, precision@20 : 0.4996 
2021-12-18 16:31:18,009 - INFO - test - ndcg@5 : 0.3619 , ndcg@10 : 0.4236 , ndcg@20 : 0.4554 
2021-12-18 16:31:18,009 - INFO - test - Running Epoch 7
2021-12-18 16:33:39,850 - INFO - test - epoch  7 train end: avg_loss = 0.0007
2021-12-18 16:33:39,850 - INFO - test - precision@5 : 0.3188, precision@10 : 0.2509, precision@20 : 0.1808 
2021-12-18 16:33:39,850 - INFO - test - recall@5: 0.2443, recall@10: 0.3758, precision@20 : 0.5300
2021-12-18 16:33:39,851 - INFO - test - ndcg@5 : 0.3688 , ndcg@10 : 0.4351 , ndcg@20 : 0.4693 
2021-12-18 16:33:49,388 - INFO - test - 
*****************evaluating****************

2021-12-18 16:33:49,388 - INFO - test - epoch  7 test end : avg_loss = 0.0006
2021-12-18 16:33:49,389 - INFO - test - precision@5 : 0.3214 , precision@10 : 0.2557 , precision@20 : 0.1901 
2021-12-18 16:33:49,389 - INFO - test - recall@5 : 0.2301, recall@10 : 0.3549, precision@20 : 0.5094 
2021-12-18 16:33:49,389 - INFO - test - ndcg@5 : 0.3679 , ndcg@10 : 0.4328 , ndcg@20 : 0.4648 
2021-12-18 16:33:49,389 - INFO - test - Running Epoch 8
2021-12-18 16:36:12,587 - INFO - test - epoch  8 train end: avg_loss = 0.0007
2021-12-18 16:36:12,588 - INFO - test - precision@5 : 0.3279, precision@10 : 0.2580, precision@20 : 0.1853 
2021-12-18 16:36:12,588 - INFO - test - recall@5: 0.2525, recall@10: 0.3877, precision@20 : 0.5436
2021-12-18 16:36:12,588 - INFO - test - ndcg@5 : 0.3798 , ndcg@10 : 0.4474 , ndcg@20 : 0.4816 
2021-12-18 16:36:21,636 - INFO - test - 
*****************evaluating****************

2021-12-18 16:36:21,637 - INFO - test - epoch  8 test end : avg_loss = 0.0006
2021-12-18 16:36:21,637 - INFO - test - precision@5 : 0.3250 , precision@10 : 0.2594 , precision@20 : 0.1908 
2021-12-18 16:36:21,637 - INFO - test - recall@5 : 0.2361, recall@10 : 0.3626, precision@20 : 0.5152 
2021-12-18 16:36:21,637 - INFO - test - ndcg@5 : 0.3721 , ndcg@10 : 0.4365 , ndcg@20 : 0.4701 
2021-12-18 16:36:21,637 - INFO - test - Running Epoch 9
2021-12-18 16:38:29,216 - INFO - test - epoch  9 train end: avg_loss = 0.0006
2021-12-18 16:38:29,216 - INFO - test - precision@5 : 0.3382, precision@10 : 0.2650, precision@20 : 0.1893 
2021-12-18 16:38:29,216 - INFO - test - recall@5: 0.2625, recall@10: 0.4005, precision@20 : 0.5581
2021-12-18 16:38:29,216 - INFO - test - ndcg@5 : 0.3909 , ndcg@10 : 0.4590 , ndcg@20 : 0.4930 
2021-12-18 16:38:38,689 - INFO - test - 
*****************evaluating****************

2021-12-18 16:38:38,689 - INFO - test - epoch  9 test end : avg_loss = 0.0006
2021-12-18 16:38:38,689 - INFO - test - precision@5 : 0.3283 , precision@10 : 0.2605 , precision@20 : 0.1919 
2021-12-18 16:38:38,689 - INFO - test - recall@5 : 0.2378, recall@10 : 0.3630, precision@20 : 0.5186 
2021-12-18 16:38:38,689 - INFO - test - ndcg@5 : 0.3752 , ndcg@10 : 0.4402 , ndcg@20 : 0.4727 
2021-12-18 16:38:38,690 - INFO - test - Running Epoch 10
2021-12-18 16:40:53,589 - INFO - test - epoch 10 train end: avg_loss = 0.0006
2021-12-18 16:40:53,589 - INFO - test - precision@5 : 0.3477, precision@10 : 0.2715, precision@20 : 0.1935 
2021-12-18 16:40:53,589 - INFO - test - recall@5: 0.2714, recall@10: 0.4124, precision@20 : 0.5717
2021-12-18 16:40:53,590 - INFO - test - ndcg@5 : 0.4023 , ndcg@10 : 0.4714 , ndcg@20 : 0.5053 
2021-12-18 16:41:03,065 - INFO - test - 
*****************evaluating****************

2021-12-18 16:41:03,065 - INFO - test - epoch 10 test end : avg_loss = 0.0007
2021-12-18 16:41:03,065 - INFO - test - precision@5 : 0.3256 , precision@10 : 0.2612 , precision@20 : 0.1920 
2021-12-18 16:41:03,065 - INFO - test - recall@5 : 0.2377, recall@10 : 0.3661, precision@20 : 0.5186 
2021-12-18 16:41:03,065 - INFO - test - ndcg@5 : 0.3721 , ndcg@10 : 0.4389 , ndcg@20 : 0.4711 
2021-12-18 16:41:03,065 - INFO - test - Running Epoch 11
2021-12-18 16:43:01,361 - INFO - test - epoch 11 train end: avg_loss = 0.0006
2021-12-18 16:43:01,361 - INFO - test - precision@5 : 0.3572, precision@10 : 0.2787, precision@20 : 0.1975 
2021-12-18 16:43:01,361 - INFO - test - recall@5: 0.2814, recall@10: 0.4252, precision@20 : 0.5861
2021-12-18 16:43:01,361 - INFO - test - ndcg@5 : 0.4151 , ndcg@10 : 0.4850 , ndcg@20 : 0.5188 
2021-12-18 16:43:10,868 - INFO - test - 
*****************evaluating****************

2021-12-18 16:43:10,868 - INFO - test - epoch 11 test end : avg_loss = 0.0006
2021-12-18 16:43:10,868 - INFO - test - precision@5 : 0.3299 , precision@10 : 0.2629 , precision@20 : 0.1932 
2021-12-18 16:43:10,868 - INFO - test - recall@5 : 0.2377, recall@10 : 0.3656, precision@20 : 0.5197 
2021-12-18 16:43:10,868 - INFO - test - ndcg@5 : 0.3771 , ndcg@10 : 0.4420 , ndcg@20 : 0.4751 
2021-12-18 16:43:10,868 - INFO - test - Running Epoch 12
2021-12-18 16:45:33,249 - INFO - test - epoch 12 train end: avg_loss = 0.0006
2021-12-18 16:45:33,250 - INFO - test - precision@5 : 0.3679, precision@10 : 0.2859, precision@20 : 0.2020 
2021-12-18 16:45:33,250 - INFO - test - recall@5: 0.2918, recall@10: 0.4376, precision@20 : 0.6011
2021-12-18 16:45:33,250 - INFO - test - ndcg@5 : 0.4276 , ndcg@10 : 0.4980 , ndcg@20 : 0.5311 
2021-12-18 16:45:42,674 - INFO - test - 
*****************evaluating****************

2021-12-18 16:45:42,674 - INFO - test - epoch 12 test end : avg_loss = 0.0006
2021-12-18 16:45:42,675 - INFO - test - precision@5 : 0.3332 , precision@10 : 0.2645 , precision@20 : 0.1935 
2021-12-18 16:45:42,675 - INFO - test - recall@5 : 0.2433, recall@10 : 0.3723, precision@20 : 0.5221 
2021-12-18 16:45:42,675 - INFO - test - ndcg@5 : 0.3819 , ndcg@10 : 0.4452 , ndcg@20 : 0.4773 
2021-12-18 16:45:42,675 - INFO - test - Running Epoch 13
2021-12-18 16:48:03,786 - INFO - test - epoch 13 train end: avg_loss = 0.0006
2021-12-18 16:48:03,786 - INFO - test - precision@5 : 0.3780, precision@10 : 0.2933, precision@20 : 0.2052 
2021-12-18 16:48:03,786 - INFO - test - recall@5: 0.3019, recall@10: 0.4511, precision@20 : 0.6117
2021-12-18 16:48:03,786 - INFO - test - ndcg@5 : 0.4400 , ndcg@10 : 0.5095 , ndcg@20 : 0.5428 
2021-12-18 16:48:13,226 - INFO - test - 
*****************evaluating****************

2021-12-18 16:48:13,226 - INFO - test - epoch 13 test end : avg_loss = 0.0006
2021-12-18 16:48:13,226 - INFO - test - precision@5 : 0.3295 , precision@10 : 0.2632 , precision@20 : 0.1944 
2021-12-18 16:48:13,226 - INFO - test - recall@5 : 0.2400, recall@10 : 0.3726, precision@20 : 0.5275 
2021-12-18 16:48:13,226 - INFO - test - ndcg@5 : 0.3777 , ndcg@10 : 0.4465 , ndcg@20 : 0.4776 
2021-12-18 16:48:13,226 - INFO - test - Running Epoch 14
2021-12-18 16:50:15,230 - INFO - test - epoch 14 train end: avg_loss = 0.0006
2021-12-18 16:50:15,230 - INFO - test - precision@5 : 0.3865, precision@10 : 0.2998, precision@20 : 0.2093 
2021-12-18 16:50:15,230 - INFO - test - recall@5: 0.3106, recall@10: 0.4635, precision@20 : 0.6258
2021-12-18 16:50:15,230 - INFO - test - ndcg@5 : 0.4516 , ndcg@10 : 0.5228 , ndcg@20 : 0.5552 
2021-12-18 16:50:22,282 - INFO - test - 
*****************evaluating****************

2021-12-18 16:50:22,282 - INFO - test - epoch 14 test end : avg_loss = 0.0006
2021-12-18 16:50:22,282 - INFO - test - precision@5 : 0.3257 , precision@10 : 0.2589 , precision@20 : 0.1914 
2021-12-18 16:50:22,282 - INFO - test - recall@5 : 0.2387, recall@10 : 0.3674, precision@20 : 0.5177 
2021-12-18 16:50:22,282 - INFO - test - ndcg@5 : 0.3737 , ndcg@10 : 0.4396 , ndcg@20 : 0.4708 
2021-12-18 16:50:22,282 - INFO - test - Running Epoch 15
2021-12-18 16:52:18,877 - INFO - test - epoch 15 train end: avg_loss = 0.0006
2021-12-18 16:52:18,877 - INFO - test - precision@5 : 0.3968, precision@10 : 0.3066, precision@20 : 0.2132 
2021-12-18 16:52:18,877 - INFO - test - recall@5: 0.3212, recall@10: 0.4753, precision@20 : 0.6381
2021-12-18 16:52:18,877 - INFO - test - ndcg@5 : 0.4639 , ndcg@10 : 0.5348 , ndcg@20 : 0.5663 
2021-12-18 16:52:25,745 - INFO - test - 
*****************evaluating****************

2021-12-18 16:52:25,745 - INFO - test - epoch 15 test end : avg_loss = 0.0006
2021-12-18 16:52:25,745 - INFO - test - precision@5 : 0.3310 , precision@10 : 0.2608 , precision@20 : 0.1916 
2021-12-18 16:52:25,745 - INFO - test - recall@5 : 0.2436, recall@10 : 0.3678, precision@20 : 0.5181 
2021-12-18 16:52:25,745 - INFO - test - ndcg@5 : 0.3785 , ndcg@10 : 0.4414 , ndcg@20 : 0.4746 
2021-12-18 16:52:25,745 - INFO - test - Running Epoch 16
2021-12-18 16:54:32,500 - INFO - test - epoch 16 train end: avg_loss = 0.0006
2021-12-18 16:54:32,500 - INFO - test - precision@5 : 0.4072, precision@10 : 0.3141, precision@20 : 0.2165 
2021-12-18 16:54:32,501 - INFO - test - recall@5: 0.3324, recall@10: 0.4901, precision@20 : 0.6504
2021-12-18 16:54:32,501 - INFO - test - ndcg@5 : 0.4769 , ndcg@10 : 0.5472 , ndcg@20 : 0.5782 
2021-12-18 16:54:41,960 - INFO - test - 
*****************evaluating****************

2021-12-18 16:54:41,960 - INFO - test - epoch 16 test end : avg_loss = 0.0006
2021-12-18 16:54:41,962 - INFO - test - precision@5 : 0.3284 , precision@10 : 0.2631 , precision@20 : 0.1922 
2021-12-18 16:54:41,962 - INFO - test - recall@5 : 0.2411, recall@10 : 0.3673, precision@20 : 0.5186 
2021-12-18 16:54:41,962 - INFO - test - ndcg@5 : 0.3777 , ndcg@10 : 0.4425 , ndcg@20 : 0.4716 
2021-12-18 16:54:41,962 - INFO - test - Running Epoch 17
2021-12-18 16:57:03,679 - INFO - test - epoch 17 train end: avg_loss = 0.0006
2021-12-18 16:57:03,679 - INFO - test - precision@5 : 0.4165, precision@10 : 0.3202, precision@20 : 0.2197 
2021-12-18 16:57:03,679 - INFO - test - recall@5: 0.3420, recall@10: 0.5020, precision@20 : 0.6614
2021-12-18 16:57:03,679 - INFO - test - ndcg@5 : 0.4895 , ndcg@10 : 0.5595 , ndcg@20 : 0.5901 
2021-12-18 16:57:13,179 - INFO - test - 
*****************evaluating****************

2021-12-18 16:57:13,179 - INFO - test - epoch 17 test end : avg_loss = 0.0006
2021-12-18 16:57:13,179 - INFO - test - precision@5 : 0.3254 , precision@10 : 0.2603 , precision@20 : 0.1902 
2021-12-18 16:57:13,179 - INFO - test - recall@5 : 0.2387, recall@10 : 0.3658, precision@20 : 0.5143 
2021-12-18 16:57:13,179 - INFO - test - ndcg@5 : 0.3732 , ndcg@10 : 0.4378 , ndcg@20 : 0.4685 
2021-12-18 16:57:13,179 - INFO - test - Running Epoch 18
2021-12-18 16:59:33,260 - INFO - test - epoch 18 train end: avg_loss = 0.0005
2021-12-18 16:59:33,260 - INFO - test - precision@5 : 0.4274, precision@10 : 0.3277, precision@20 : 0.2235 
2021-12-18 16:59:33,260 - INFO - test - recall@5: 0.3540, recall@10: 0.5159, precision@20 : 0.6741
2021-12-18 16:59:33,260 - INFO - test - ndcg@5 : 0.5037 , ndcg@10 : 0.5731 , ndcg@20 : 0.6027 
2021-12-18 16:59:41,491 - INFO - test - 
*****************evaluating****************

2021-12-18 16:59:41,491 - INFO - test - epoch 18 test end : avg_loss = 0.0005
2021-12-18 16:59:41,491 - INFO - test - precision@5 : 0.3221 , precision@10 : 0.2581 , precision@20 : 0.1892 
2021-12-18 16:59:41,491 - INFO - test - recall@5 : 0.2358, recall@10 : 0.3622, precision@20 : 0.5104 
2021-12-18 16:59:41,491 - INFO - test - ndcg@5 : 0.3668 , ndcg@10 : 0.4317 , ndcg@20 : 0.4625 
2021-12-18 16:59:41,491 - INFO - test - Running Epoch 19
2021-12-18 17:02:01,600 - INFO - test - epoch 19 train end: avg_loss = 0.0005
2021-12-18 17:02:01,600 - INFO - test - precision@5 : 0.4370, precision@10 : 0.3342, precision@20 : 0.2263 
2021-12-18 17:02:01,601 - INFO - test - recall@5: 0.3641, recall@10: 0.5275, precision@20 : 0.6847
2021-12-18 17:02:01,601 - INFO - test - ndcg@5 : 0.5162 , ndcg@10 : 0.5845 , ndcg@20 : 0.6137 
2021-12-18 17:02:11,051 - INFO - test - 
*****************evaluating****************

2021-12-18 17:02:11,051 - INFO - test - epoch 19 test end : avg_loss = 0.0006
2021-12-18 17:02:11,051 - INFO - test - precision@5 : 0.3245 , precision@10 : 0.2559 , precision@20 : 0.1886 
2021-12-18 17:02:11,051 - INFO - test - recall@5 : 0.2404, recall@10 : 0.3587, precision@20 : 0.5084 
2021-12-18 17:02:11,051 - INFO - test - ndcg@5 : 0.3754 , ndcg@10 : 0.4366 , ndcg@20 : 0.4678 
2021-12-18 17:02:11,051 - INFO - test - Running Epoch 20
2021-12-18 17:04:33,369 - INFO - test - epoch 20 train end: avg_loss = 0.0005
2021-12-18 17:04:33,369 - INFO - test - precision@5 : 0.4489, precision@10 : 0.3417, precision@20 : 0.2302 
2021-12-18 17:04:33,369 - INFO - test - recall@5: 0.3767, recall@10: 0.5423, precision@20 : 0.6988
2021-12-18 17:04:33,369 - INFO - test - ndcg@5 : 0.5308 , ndcg@10 : 0.5987 , ndcg@20 : 0.6271 
2021-12-18 17:04:42,815 - INFO - test - 
*****************evaluating****************

2021-12-18 17:04:42,815 - INFO - test - epoch 20 test end : avg_loss = 0.0005
2021-12-18 17:04:42,815 - INFO - test - precision@5 : 0.3218 , precision@10 : 0.2555 , precision@20 : 0.1871 
2021-12-18 17:04:42,815 - INFO - test - recall@5 : 0.2366, recall@10 : 0.3587, precision@20 : 0.5046 
2021-12-18 17:04:42,815 - INFO - test - ndcg@5 : 0.3701 , ndcg@10 : 0.4313 , ndcg@20 : 0.4607 
2021-12-18 17:04:42,815 - INFO - test - Running Epoch 21
2021-12-18 17:07:02,034 - INFO - test - epoch 21 train end: avg_loss = 0.0005
2021-12-18 17:07:02,035 - INFO - test - precision@5 : 0.4599, precision@10 : 0.3497, precision@20 : 0.2337 
2021-12-18 17:07:02,035 - INFO - test - recall@5: 0.3903, recall@10: 0.5576, precision@20 : 0.7111
2021-12-18 17:07:02,035 - INFO - test - ndcg@5 : 0.5458 , ndcg@10 : 0.6128 , ndcg@20 : 0.6410 
2021-12-18 17:07:11,527 - INFO - test - 
*****************evaluating****************

2021-12-18 17:07:11,527 - INFO - test - epoch 21 test end : avg_loss = 0.0005
2021-12-18 17:07:11,527 - INFO - test - precision@5 : 0.3197 , precision@10 : 0.2537 , precision@20 : 0.1869 
2021-12-18 17:07:11,527 - INFO - test - recall@5 : 0.2340, recall@10 : 0.3571, precision@20 : 0.5082 
2021-12-18 17:07:11,527 - INFO - test - ndcg@5 : 0.3668 , ndcg@10 : 0.4303 , ndcg@20 : 0.4604 
2021-12-18 17:07:11,528 - INFO - test - Running Epoch 22
2021-12-18 17:09:32,341 - INFO - test - epoch 22 train end: avg_loss = 0.0005
2021-12-18 17:09:32,341 - INFO - test - precision@5 : 0.4696, precision@10 : 0.3564, precision@20 : 0.2375 
2021-12-18 17:09:32,341 - INFO - test - recall@5: 0.4007, recall@10: 0.5706, precision@20 : 0.7245
2021-12-18 17:09:32,341 - INFO - test - ndcg@5 : 0.5586 , ndcg@10 : 0.6259 , ndcg@20 : 0.6531 
2021-12-18 17:09:40,270 - INFO - test - 
*****************evaluating****************

2021-12-18 17:09:40,270 - INFO - test - epoch 22 test end : avg_loss = 0.0005
2021-12-18 17:09:40,270 - INFO - test - precision@5 : 0.3143 , precision@10 : 0.2517 , precision@20 : 0.1863 
2021-12-18 17:09:40,270 - INFO - test - recall@5 : 0.2332, recall@10 : 0.3547, precision@20 : 0.5034 
2021-12-18 17:09:40,270 - INFO - test - ndcg@5 : 0.3602 , ndcg@10 : 0.4252 , ndcg@20 : 0.4544 
2021-12-18 17:09:40,270 - INFO - test - Running Epoch 23
2021-12-18 17:11:54,612 - INFO - test - epoch 23 train end: avg_loss = 0.0005
2021-12-18 17:11:54,613 - INFO - test - precision@5 : 0.4796, precision@10 : 0.3628, precision@20 : 0.2405 
2021-12-18 17:11:54,613 - INFO - test - recall@5: 0.4130, recall@10: 0.5850, precision@20 : 0.7355
2021-12-18 17:11:54,613 - INFO - test - ndcg@5 : 0.5719 , ndcg@10 : 0.6382 , ndcg@20 : 0.6646 
2021-12-18 17:12:04,056 - INFO - test - 
*****************evaluating****************

2021-12-18 17:12:04,056 - INFO - test - epoch 23 test end : avg_loss = 0.0005
2021-12-18 17:12:04,056 - INFO - test - precision@5 : 0.3128 , precision@10 : 0.2480 , precision@20 : 0.1815 
2021-12-18 17:12:04,056 - INFO - test - recall@5 : 0.2307, recall@10 : 0.3484, precision@20 : 0.4873 
2021-12-18 17:12:04,056 - INFO - test - ndcg@5 : 0.3613 , ndcg@10 : 0.4189 , ndcg@20 : 0.4488 
2021-12-18 17:12:04,056 - INFO - test - Running Epoch 24
2021-12-18 17:14:06,206 - INFO - test - epoch 24 train end: avg_loss = 0.0005
2021-12-18 17:14:06,206 - INFO - test - precision@5 : 0.4887, precision@10 : 0.3693, precision@20 : 0.2440 
2021-12-18 17:14:06,206 - INFO - test - recall@5: 0.4226, recall@10: 0.5965, precision@20 : 0.7478
2021-12-18 17:14:06,206 - INFO - test - ndcg@5 : 0.5840 , ndcg@10 : 0.6506 , ndcg@20 : 0.6759 
2021-12-18 17:14:13,146 - INFO - test - 
*****************evaluating****************

2021-12-18 17:14:13,146 - INFO - test - epoch 24 test end : avg_loss = 0.0005
2021-12-18 17:14:13,146 - INFO - test - precision@5 : 0.3071 , precision@10 : 0.2459 , precision@20 : 0.1823 
2021-12-18 17:14:13,147 - INFO - test - recall@5 : 0.2233, recall@10 : 0.3441, precision@20 : 0.4896 
2021-12-18 17:14:13,147 - INFO - test - ndcg@5 : 0.3512 , ndcg@10 : 0.4148 , ndcg@20 : 0.4451 
2021-12-18 17:14:13,147 - INFO - test - Running Epoch 25
2021-12-18 17:16:05,660 - INFO - test - epoch 25 train end: avg_loss = 0.0005
2021-12-18 17:16:05,661 - INFO - test - precision@5 : 0.4985, precision@10 : 0.3759, precision@20 : 0.2470 
2021-12-18 17:16:05,661 - INFO - test - recall@5: 0.4337, recall@10: 0.6089, precision@20 : 0.7578
2021-12-18 17:16:05,661 - INFO - test - ndcg@5 : 0.5976 , ndcg@10 : 0.6631 , ndcg@20 : 0.6872 
2021-12-18 17:16:13,793 - INFO - test - 
*****************evaluating****************

2021-12-18 17:16:13,793 - INFO - test - epoch 25 test end : avg_loss = 0.0005
2021-12-18 17:16:13,793 - INFO - test - precision@5 : 0.3042 , precision@10 : 0.2420 , precision@20 : 0.1798 
2021-12-18 17:16:13,793 - INFO - test - recall@5 : 0.2227, recall@10 : 0.3379, precision@20 : 0.4845 
2021-12-18 17:16:13,793 - INFO - test - ndcg@5 : 0.3480 , ndcg@10 : 0.4096 , ndcg@20 : 0.4387 
