epoch  1 train end : avg_loss = 0.0007precision@5 : 0.2100, precision@10 : 0.1584, precision@20 : 0.1186 
recall@5 : 0.1478, recall@10 : 0.2191, precision@20 : 0.3333 
ndcg@5 : 0.2461 , ndcg@10 : 0.2807 , ndcg@20 : 0.3084 

--------------------------------------------------
epoch  1 test end : avg_loss = 0.0007
precision@5 : 0.2285 , precision@10 : 0.1779 , precision@20 : 0.1329 
recall@5 : 0.1506, recall@10 : 0.2304, precision@20 : 0.3398 
ndcg@5 : 0.2645 , ndcg@10 : 0.2988 , ndcg@20 : 0.3290 
epoch  2 train end : avg_loss = 0.0006precision@5 : 0.2351, precision@10 : 0.1832, precision@20 : 0.1356 
recall@5 : 0.1676, recall@10 : 0.2597, precision@20 : 0.3835 
ndcg@5 : 0.2729 , ndcg@10 : 0.3184 , ndcg@20 : 0.3497 

--------------------------------------------------
epoch  2 test end : avg_loss = 0.0006
precision@5 : 0.2663 , precision@10 : 0.2083 , precision@20 : 0.1570 
recall@5 : 0.1841, recall@10 : 0.2792, precision@20 : 0.4098 
ndcg@5 : 0.3044 , ndcg@10 : 0.3513 , ndcg@20 : 0.3832 
epoch  1 train end : avg_loss = 0.0007precision@5 : 0.2111, precision@10 : 0.1581, precision@20 : 0.1182 
recall@5 : 0.1485, recall@10 : 0.2186, precision@20 : 0.3306 
ndcg@5 : 0.2470 , ndcg@10 : 0.2801 , ndcg@20 : 0.3078 

--------------------------------------------------
epoch  1 test end : avg_loss = 0.0007
precision@5 : 0.2360 , precision@10 : 0.1797 , precision@20 : 0.1391 
recall@5 : 0.1555, recall@10 : 0.2353, precision@20 : 0.3553 
ndcg@5 : 0.2692 , ndcg@10 : 0.3073 , ndcg@20 : 0.3360 
epoch  2 train end : avg_loss = 0.0006precision@5 : 0.2399, precision@10 : 0.1877, precision@20 : 0.1391 
recall@5 : 0.1715, recall@10 : 0.2670, precision@20 : 0.3948 
ndcg@5 : 0.2770 , ndcg@10 : 0.3251 , ndcg@20 : 0.3569 

--------------------------------------------------
epoch  2 test end : avg_loss = 0.0006
precision@5 : 0.2672 , precision@10 : 0.2134 , precision@20 : 0.1619 
recall@5 : 0.1822, recall@10 : 0.2853, precision@20 : 0.4214 
ndcg@5 : 0.3029 , ndcg@10 : 0.3565 , ndcg@20 : 0.3886 
epoch  3 train end : avg_loss = 0.0005precision@5 : 0.2674, precision@10 : 0.2129, precision@20 : 0.1569 
recall@5 : 0.1954, recall@10 : 0.3079, precision@20 : 0.4496 
ndcg@5 : 0.3069 , ndcg@10 : 0.3661 , ndcg@20 : 0.3997 

--------------------------------------------------
epoch  3 test end : avg_loss = 0.0006
precision@5 : 0.2916 , precision@10 : 0.2343 , precision@20 : 0.1752 
recall@5 : 0.2037, recall@10 : 0.3183, precision@20 : 0.4603 
ndcg@5 : 0.3314 , ndcg@10 : 0.3905 , ndcg@20 : 0.4223 
epoch  4 train end : avg_loss = 0.0005precision@5 : 0.2862, precision@10 : 0.2275, precision@20 : 0.1670 
recall@5 : 0.2127, recall@10 : 0.3326, precision@20 : 0.4813 
ndcg@5 : 0.3273 , ndcg@10 : 0.3905 , ndcg@20 : 0.4247 

--------------------------------------------------
epoch  4 test end : avg_loss = 0.0006
precision@5 : 0.3051 , precision@10 : 0.2455 , precision@20 : 0.1815 
recall@5 : 0.2148, recall@10 : 0.3341, precision@20 : 0.4763 
ndcg@5 : 0.3440 , ndcg@10 : 0.4042 , ndcg@20 : 0.4377 
epoch  5 train end : avg_loss = 0.0005precision@5 : 0.2994, precision@10 : 0.2380, precision@20 : 0.1738 
recall@5 : 0.2248, recall@10 : 0.3508, precision@20 : 0.5030 
ndcg@5 : 0.3437 , ndcg@10 : 0.4094 , ndcg@20 : 0.4439 

--------------------------------------------------
epoch  5 test end : avg_loss = 0.0006
precision@5 : 0.3184 , precision@10 : 0.2553 , precision@20 : 0.1884 
recall@5 : 0.2253, recall@10 : 0.3511, precision@20 : 0.5015 
ndcg@5 : 0.3585 , ndcg@10 : 0.4227 , ndcg@20 : 0.4538 
epoch  6 train end : avg_loss = 0.0005precision@5 : 0.3108, precision@10 : 0.2467, precision@20 : 0.1795 
recall@5 : 0.2346, recall@10 : 0.3650, precision@20 : 0.5202 
ndcg@5 : 0.3564 , ndcg@10 : 0.4239 , ndcg@20 : 0.4585 

--------------------------------------------------
epoch  6 test end : avg_loss = 0.0006
precision@5 : 0.3224 , precision@10 : 0.2583 , precision@20 : 0.1896 
recall@5 : 0.2284, recall@10 : 0.3578, precision@20 : 0.5040 
ndcg@5 : 0.3639 , ndcg@10 : 0.4272 , ndcg@20 : 0.4603 
epoch  7 train end : avg_loss = 0.0005precision@5 : 0.3218, precision@10 : 0.2536, precision@20 : 0.1839 
recall@5 : 0.2451, recall@10 : 0.3778, precision@20 : 0.5346 
ndcg@5 : 0.3696 , ndcg@10 : 0.4372 , ndcg@20 : 0.4721 

--------------------------------------------------
epoch  7 test end : avg_loss = 0.0006
precision@5 : 0.3280 , precision@10 : 0.2609 , precision@20 : 0.1916 
recall@5 : 0.2356, recall@10 : 0.3620, precision@20 : 0.5107 
ndcg@5 : 0.3715 , ndcg@10 : 0.4341 , ndcg@20 : 0.4680 
epoch  8 train end : avg_loss = 0.0005precision@5 : 0.3313, precision@10 : 0.2614, precision@20 : 0.1882 
recall@5 : 0.2539, recall@10 : 0.3906, precision@20 : 0.5483 
ndcg@5 : 0.3812 , ndcg@10 : 0.4497 , ndcg@20 : 0.4847 

--------------------------------------------------
epoch  8 test end : avg_loss = 0.0006
precision@5 : 0.3293 , precision@10 : 0.2616 , precision@20 : 0.1941 
recall@5 : 0.2400, recall@10 : 0.3660, precision@20 : 0.5187 
ndcg@5 : 0.3747 , ndcg@10 : 0.4398 , ndcg@20 : 0.4714 
epoch  9 train end : avg_loss = 0.0005precision@5 : 0.3389, precision@10 : 0.2674, precision@20 : 0.1926 
recall@5 : 0.2608, recall@10 : 0.4000, precision@20 : 0.5631 
ndcg@5 : 0.3908 , ndcg@10 : 0.4617 , ndcg@20 : 0.4958 

--------------------------------------------------
epoch  9 test end : avg_loss = 0.0006
precision@5 : 0.3285 , precision@10 : 0.2634 , precision@20 : 0.1942 
recall@5 : 0.2426, recall@10 : 0.3708, precision@20 : 0.5200 
ndcg@5 : 0.3776 , ndcg@10 : 0.4444 , ndcg@20 : 0.4772 
epoch 10 train end : avg_loss = 0.0005precision@5 : 0.3482, precision@10 : 0.2751, precision@20 : 0.1964 
recall@5 : 0.2701, recall@10 : 0.4135, precision@20 : 0.5751 
ndcg@5 : 0.4020 , ndcg@10 : 0.4732 , ndcg@20 : 0.5079 

--------------------------------------------------
epoch 10 test end : avg_loss = 0.0006
precision@5 : 0.3294 , precision@10 : 0.2610 , precision@20 : 0.1959 
recall@5 : 0.2373, recall@10 : 0.3673, precision@20 : 0.5232 
ndcg@5 : 0.3750 , ndcg@10 : 0.4427 , ndcg@20 : 0.4756 
epoch 11 train end : avg_loss = 0.0004precision@5 : 0.3572, precision@10 : 0.2800, precision@20 : 0.2003 
recall@5 : 0.2774, recall@10 : 0.4225, precision@20 : 0.5884 
ndcg@5 : 0.4125 , ndcg@10 : 0.4842 , ndcg@20 : 0.5190 

--------------------------------------------------
epoch 11 test end : avg_loss = 0.0006
precision@5 : 0.3277 , precision@10 : 0.2670 , precision@20 : 0.1960 
recall@5 : 0.2354, recall@10 : 0.3740, precision@20 : 0.5240 
ndcg@5 : 0.3736 , ndcg@10 : 0.4432 , ndcg@20 : 0.4743 
epoch 12 train end : avg_loss = 0.0004precision@5 : 0.3659, precision@10 : 0.2874, precision@20 : 0.2039 
recall@5 : 0.2861, recall@10 : 0.4349, precision@20 : 0.5996 
ndcg@5 : 0.4229 , ndcg@10 : 0.4953 , ndcg@20 : 0.5297 

--------------------------------------------------
epoch 12 test end : avg_loss = 0.0006
precision@5 : 0.3330 , precision@10 : 0.2652 , precision@20 : 0.1963 
recall@5 : 0.2429, recall@10 : 0.3723, precision@20 : 0.5278 
ndcg@5 : 0.3808 , ndcg@10 : 0.4472 , ndcg@20 : 0.4808 
epoch 13 train end : avg_loss = 0.0004precision@5 : 0.3748, precision@10 : 0.2942, precision@20 : 0.2077 
recall@5 : 0.2943, recall@10 : 0.4469, precision@20 : 0.6122 
ndcg@5 : 0.4330 , ndcg@10 : 0.5060 , ndcg@20 : 0.5402 

--------------------------------------------------
epoch 13 test end : avg_loss = 0.0006
precision@5 : 0.3251 , precision@10 : 0.2639 , precision@20 : 0.1957 
recall@5 : 0.2359, recall@10 : 0.3709, precision@20 : 0.5269 
ndcg@5 : 0.3724 , ndcg@10 : 0.4436 , ndcg@20 : 0.4760 
epoch 14 train end : avg_loss = 0.0004precision@5 : 0.3843, precision@10 : 0.3001, precision@20 : 0.2111 
recall@5 : 0.3042, recall@10 : 0.4574, precision@20 : 0.6239 
ndcg@5 : 0.4453 , ndcg@10 : 0.5180 , ndcg@20 : 0.5517 

--------------------------------------------------
epoch 14 test end : avg_loss = 0.0006
precision@5 : 0.3253 , precision@10 : 0.2639 , precision@20 : 0.1949 
recall@5 : 0.2381, recall@10 : 0.3722, precision@20 : 0.5277 
ndcg@5 : 0.3735 , ndcg@10 : 0.4442 , ndcg@20 : 0.4766 
epoch 15 train end : avg_loss = 0.0004precision@5 : 0.3927, precision@10 : 0.3063, precision@20 : 0.2149 
recall@5 : 0.3129, recall@10 : 0.4692, precision@20 : 0.6369 
ndcg@5 : 0.4552 , ndcg@10 : 0.5289 , ndcg@20 : 0.5621 

--------------------------------------------------
epoch 15 test end : avg_loss = 0.0006
precision@5 : 0.3238 , precision@10 : 0.2606 , precision@20 : 0.1941 
recall@5 : 0.2394, recall@10 : 0.3712, precision@20 : 0.5272 
ndcg@5 : 0.3685 , ndcg@10 : 0.4396 , ndcg@20 : 0.4719 
epoch 16 train end : avg_loss = 0.0004precision@5 : 0.4019, precision@10 : 0.3136, precision@20 : 0.2186 
recall@5 : 0.3217, recall@10 : 0.4817, precision@20 : 0.6498 
ndcg@5 : 0.4677 , ndcg@10 : 0.5417 , ndcg@20 : 0.5744 

--------------------------------------------------
epoch 16 test end : avg_loss = 0.0006
precision@5 : 0.3222 , precision@10 : 0.2588 , precision@20 : 0.1925 
recall@5 : 0.2367, recall@10 : 0.3661, precision@20 : 0.5230 
ndcg@5 : 0.3676 , ndcg@10 : 0.4368 , ndcg@20 : 0.4707 
epoch 17 train end : avg_loss = 0.0004precision@5 : 0.4111, precision@10 : 0.3196, precision@20 : 0.2216 
recall@5 : 0.3307, recall@10 : 0.4930, precision@20 : 0.6605 
ndcg@5 : 0.4786 , ndcg@10 : 0.5522 , ndcg@20 : 0.5847 

--------------------------------------------------
epoch 17 test end : avg_loss = 0.0006
precision@5 : 0.3218 , precision@10 : 0.2589 , precision@20 : 0.1931 
recall@5 : 0.2353, recall@10 : 0.3674, precision@20 : 0.5254 
ndcg@5 : 0.3695 , ndcg@10 : 0.4405 , ndcg@20 : 0.4738 
epoch 18 train end : avg_loss = 0.0004precision@5 : 0.4205, precision@10 : 0.3261, precision@20 : 0.2256 
recall@5 : 0.3410, recall@10 : 0.5052, precision@20 : 0.6730 
ndcg@5 : 0.4913 , ndcg@10 : 0.5650 , ndcg@20 : 0.5968 

--------------------------------------------------
epoch 18 test end : avg_loss = 0.0006
precision@5 : 0.3165 , precision@10 : 0.2552 , precision@20 : 0.1902 
recall@5 : 0.2330, recall@10 : 0.3621, precision@20 : 0.5169 
ndcg@5 : 0.3622 , ndcg@10 : 0.4325 , ndcg@20 : 0.4648 
epoch 19 train end : avg_loss = 0.0004precision@5 : 0.4283, precision@10 : 0.3316, precision@20 : 0.2282 
recall@5 : 0.3488, recall@10 : 0.5156, precision@20 : 0.6834 
ndcg@5 : 0.5005 , ndcg@10 : 0.5744 , ndcg@20 : 0.6057 

--------------------------------------------------
epoch 19 test end : avg_loss = 0.0006
precision@5 : 0.3166 , precision@10 : 0.2559 , precision@20 : 0.1913 
recall@5 : 0.2318, recall@10 : 0.3591, precision@20 : 0.5203 
ndcg@5 : 0.3599 , ndcg@10 : 0.4317 , ndcg@20 : 0.4646 
epoch 20 train end : avg_loss = 0.0004precision@5 : 0.4377, precision@10 : 0.3387, precision@20 : 0.2318 
recall@5 : 0.3581, recall@10 : 0.5295, precision@20 : 0.6958 
ndcg@5 : 0.5129 , ndcg@10 : 0.5869 , ndcg@20 : 0.6175 

--------------------------------------------------
epoch 20 test end : avg_loss = 0.0006
precision@5 : 0.3192 , precision@10 : 0.2552 , precision@20 : 0.1911 
recall@5 : 0.2344, recall@10 : 0.3569, precision@20 : 0.5152 
ndcg@5 : 0.3635 , ndcg@10 : 0.4318 , ndcg@20 : 0.4653 
epoch 21 train end : avg_loss = 0.0004precision@5 : 0.4454, precision@10 : 0.3440, precision@20 : 0.2350 
recall@5 : 0.3678, recall@10 : 0.5387, precision@20 : 0.7052 
ndcg@5 : 0.5245 , ndcg@10 : 0.5982 , ndcg@20 : 0.6286 

--------------------------------------------------
epoch 21 test end : avg_loss = 0.0006
precision@5 : 0.3185 , precision@10 : 0.2552 , precision@20 : 0.1906 
recall@5 : 0.2327, recall@10 : 0.3583, precision@20 : 0.5158 
ndcg@5 : 0.3639 , ndcg@10 : 0.4319 , ndcg@20 : 0.4661 
epoch 22 train end : avg_loss = 0.0004precision@5 : 0.4555, precision@10 : 0.3502, precision@20 : 0.2375 
recall@5 : 0.3779, recall@10 : 0.5494, precision@20 : 0.7145 
ndcg@5 : 0.5362 , ndcg@10 : 0.6083 , ndcg@20 : 0.6383 

--------------------------------------------------
epoch 22 test end : avg_loss = 0.0006
precision@5 : 0.3145 , precision@10 : 0.2528 , precision@20 : 0.1883 
recall@5 : 0.2274, recall@10 : 0.3556, precision@20 : 0.5097 
ndcg@5 : 0.3572 , ndcg@10 : 0.4255 , ndcg@20 : 0.4578 
epoch 23 train end : avg_loss = 0.0004precision@5 : 0.4644, precision@10 : 0.3566, precision@20 : 0.2410 
recall@5 : 0.3869, recall@10 : 0.5609, precision@20 : 0.7256 
ndcg@5 : 0.5480 , ndcg@10 : 0.6200 , ndcg@20 : 0.6487 

--------------------------------------------------
epoch 23 test end : avg_loss = 0.0006
precision@5 : 0.3066 , precision@10 : 0.2490 , precision@20 : 0.1873 
recall@5 : 0.2207, recall@10 : 0.3491, precision@20 : 0.5090 
ndcg@5 : 0.3486 , ndcg@10 : 0.4209 , ndcg@20 : 0.4546 
epoch 24 train end : avg_loss = 0.0004precision@5 : 0.4713, precision@10 : 0.3613, precision@20 : 0.2435 
recall@5 : 0.3945, recall@10 : 0.5704, precision@20 : 0.7344 
ndcg@5 : 0.5568 , ndcg@10 : 0.6288 , ndcg@20 : 0.6576 

--------------------------------------------------
epoch 24 test end : avg_loss = 0.0006
precision@5 : 0.3131 , precision@10 : 0.2531 , precision@20 : 0.1889 
recall@5 : 0.2280, recall@10 : 0.3580, precision@20 : 0.5077 
ndcg@5 : 0.3584 , ndcg@10 : 0.4268 , ndcg@20 : 0.4579 
epoch 25 train end : avg_loss = 0.0003precision@5 : 0.4805, precision@10 : 0.3678, precision@20 : 0.2466 
recall@5 : 0.4049, recall@10 : 0.5828, precision@20 : 0.7443 
ndcg@5 : 0.5695 , ndcg@10 : 0.6406 , ndcg@20 : 0.6684 

--------------------------------------------------
epoch 25 test end : avg_loss = 0.0006
precision@5 : 0.3053 , precision@10 : 0.2496 , precision@20 : 0.1857 
recall@5 : 0.2207, recall@10 : 0.3478, precision@20 : 0.5001 
ndcg@5 : 0.3489 , ndcg@10 : 0.4184 , ndcg@20 : 0.4516 
epoch 26 train end : avg_loss = 0.0003precision@5 : 0.4885, precision@10 : 0.3724, precision@20 : 0.2488 
recall@5 : 0.4146, recall@10 : 0.5913, precision@20 : 0.7531 
ndcg@5 : 0.5798 , ndcg@10 : 0.6498 , ndcg@20 : 0.6769 

--------------------------------------------------
epoch 26 test end : avg_loss = 0.0006
precision@5 : 0.3082 , precision@10 : 0.2473 , precision@20 : 0.1852 
recall@5 : 0.2264, recall@10 : 0.3470, precision@20 : 0.4984 
ndcg@5 : 0.3541 , ndcg@10 : 0.4200 , ndcg@20 : 0.4535 
epoch 27 train end : avg_loss = 0.0003precision@5 : 0.4959, precision@10 : 0.3779, precision@20 : 0.2515 
recall@5 : 0.4217, recall@10 : 0.6020, precision@20 : 0.7615 
ndcg@5 : 0.5894 , ndcg@10 : 0.6591 , ndcg@20 : 0.6857 

--------------------------------------------------
epoch 27 test end : avg_loss = 0.0006
precision@5 : 0.3004 , precision@10 : 0.2444 , precision@20 : 0.1842 
recall@5 : 0.2206, recall@10 : 0.3462, precision@20 : 0.4971 
ndcg@5 : 0.3437 , ndcg@10 : 0.4140 , ndcg@20 : 0.4475 
epoch 28 train end : avg_loss = 0.0003precision@5 : 0.5045, precision@10 : 0.3833, precision@20 : 0.2537 
recall@5 : 0.4314, recall@10 : 0.6114, precision@20 : 0.7700 
ndcg@5 : 0.6007 , ndcg@10 : 0.6691 , ndcg@20 : 0.6951 

--------------------------------------------------
epoch 28 test end : avg_loss = 0.0006
precision@5 : 0.3013 , precision@10 : 0.2453 , precision@20 : 0.1839 
recall@5 : 0.2190, recall@10 : 0.3426, precision@20 : 0.4947 
ndcg@5 : 0.3426 , ndcg@10 : 0.4122 , ndcg@20 : 0.4458 
epoch 29 train end : avg_loss = 0.0003precision@5 : 0.5115, precision@10 : 0.3877, precision@20 : 0.2562 
recall@5 : 0.4388, recall@10 : 0.6192, precision@20 : 0.7773 
ndcg@5 : 0.6098 , ndcg@10 : 0.6774 , ndcg@20 : 0.7030 

--------------------------------------------------
epoch 29 test end : avg_loss = 0.0006
precision@5 : 0.2977 , precision@10 : 0.2411 , precision@20 : 0.1804 
recall@5 : 0.2147, recall@10 : 0.3369, precision@20 : 0.4854 
ndcg@5 : 0.3382 , ndcg@10 : 0.4051 , ndcg@20 : 0.4399 
epoch 30 train end : avg_loss = 0.0003precision@5 : 0.5188, precision@10 : 0.3923, precision@20 : 0.2583 
recall@5 : 0.4464, recall@10 : 0.6287, precision@20 : 0.7838 
ndcg@5 : 0.6192 , ndcg@10 : 0.6859 , ndcg@20 : 0.7107 

--------------------------------------------------
epoch 30 test end : avg_loss = 0.0007
precision@5 : 0.3011 , precision@10 : 0.2435 , precision@20 : 0.1824 
recall@5 : 0.2167, recall@10 : 0.3427, precision@20 : 0.4925 
ndcg@5 : 0.3408 , ndcg@10 : 0.4098 , ndcg@20 : 0.4436 
epoch 31 train end : avg_loss = 0.0003precision@5 : 0.5259, precision@10 : 0.3966, precision@20 : 0.2602 
recall@5 : 0.4540, recall@10 : 0.6367, precision@20 : 0.7907 
ndcg@5 : 0.6282 , ndcg@10 : 0.6939 , ndcg@20 : 0.7182 

--------------------------------------------------
epoch 31 test end : avg_loss = 0.0007
precision@5 : 0.2952 , precision@10 : 0.2395 , precision@20 : 0.1805 
recall@5 : 0.2130, recall@10 : 0.3354, precision@20 : 0.4856 
ndcg@5 : 0.3351 , ndcg@10 : 0.4034 , ndcg@20 : 0.4355 
epoch 32 train end : avg_loss = 0.0003precision@5 : 0.5313, precision@10 : 0.4012, precision@20 : 0.2624 
recall@5 : 0.4611, recall@10 : 0.6452, precision@20 : 0.7982 
ndcg@5 : 0.6363 , ndcg@10 : 0.7019 , ndcg@20 : 0.7257 

--------------------------------------------------
epoch 32 test end : avg_loss = 0.0007
precision@5 : 0.3005 , precision@10 : 0.2411 , precision@20 : 0.1808 
recall@5 : 0.2171, recall@10 : 0.3355, precision@20 : 0.4880 
ndcg@5 : 0.3443 , ndcg@10 : 0.4089 , ndcg@20 : 0.4425 
epoch 33 train end : avg_loss = 0.0003precision@5 : 0.5369, precision@10 : 0.4059, precision@20 : 0.2645 
recall@5 : 0.4671, recall@10 : 0.6529, precision@20 : 0.8045 
ndcg@5 : 0.6445 , ndcg@10 : 0.7100 , ndcg@20 : 0.7329 

--------------------------------------------------
epoch 33 test end : avg_loss = 0.0007
precision@5 : 0.2923 , precision@10 : 0.2360 , precision@20 : 0.1787 
recall@5 : 0.2115, recall@10 : 0.3311, precision@20 : 0.4808 
ndcg@5 : 0.3299 , ndcg@10 : 0.3982 , ndcg@20 : 0.4326 
epoch 34 train end : avg_loss = 0.0003precision@5 : 0.5446, precision@10 : 0.4096, precision@20 : 0.2658 
recall@5 : 0.4741, recall@10 : 0.6595, precision@20 : 0.8093 
ndcg@5 : 0.6530 , ndcg@10 : 0.7163 , ndcg@20 : 0.7392 

--------------------------------------------------
epoch 34 test end : avg_loss = 0.0007
precision@5 : 0.2977 , precision@10 : 0.2391 , precision@20 : 0.1783 
recall@5 : 0.2152, recall@10 : 0.3317, precision@20 : 0.4806 
ndcg@5 : 0.3363 , ndcg@10 : 0.4002 , ndcg@20 : 0.4316 
epoch 35 train end : avg_loss = 0.0003precision@5 : 0.5523, precision@10 : 0.4136, precision@20 : 0.2677 
recall@5 : 0.4821, recall@10 : 0.6670, precision@20 : 0.8150 
ndcg@5 : 0.6622 , ndcg@10 : 0.7237 , ndcg@20 : 0.7459 

--------------------------------------------------
epoch 35 test end : avg_loss = 0.0007
precision@5 : 0.2937 , precision@10 : 0.2378 , precision@20 : 0.1804 
recall@5 : 0.2119, recall@10 : 0.3331, precision@20 : 0.4854 
ndcg@5 : 0.3336 , ndcg@10 : 0.4030 , ndcg@20 : 0.4350 
epoch 36 train end : avg_loss = 0.0003precision@5 : 0.5557, precision@10 : 0.4169, precision@20 : 0.2693 
recall@5 : 0.4878, recall@10 : 0.6737, precision@20 : 0.8204 
ndcg@5 : 0.6684 , ndcg@10 : 0.7301 , ndcg@20 : 0.7519 

--------------------------------------------------
epoch 36 test end : avg_loss = 0.0007
precision@5 : 0.2876 , precision@10 : 0.2331 , precision@20 : 0.1780 
recall@5 : 0.2082, recall@10 : 0.3279, precision@20 : 0.4797 
ndcg@5 : 0.3296 , ndcg@10 : 0.3984 , ndcg@20 : 0.4303 
epoch 37 train end : avg_loss = 0.0003precision@5 : 0.5617, precision@10 : 0.4209, precision@20 : 0.2706 
recall@5 : 0.4929, recall@10 : 0.6791, precision@20 : 0.8239 
ndcg@5 : 0.6757 , ndcg@10 : 0.7360 , ndcg@20 : 0.7576 

--------------------------------------------------
epoch 37 test end : avg_loss = 0.0007
precision@5 : 0.2768 , precision@10 : 0.2304 , precision@20 : 0.1747 
recall@5 : 0.2007, recall@10 : 0.3237, precision@20 : 0.4705 
ndcg@5 : 0.3123 , ndcg@10 : 0.3846 , ndcg@20 : 0.4176 
epoch 38 train end : avg_loss = 0.0003precision@5 : 0.5669, precision@10 : 0.4241, precision@20 : 0.2720 
recall@5 : 0.4985, recall@10 : 0.6851, precision@20 : 0.8297 
ndcg@5 : 0.6829 , ndcg@10 : 0.7426 , ndcg@20 : 0.7636 

--------------------------------------------------
epoch 38 test end : avg_loss = 0.0007
precision@5 : 0.2890 , precision@10 : 0.2340 , precision@20 : 0.1783 
recall@5 : 0.2111, recall@10 : 0.3266, precision@20 : 0.4799 
ndcg@5 : 0.3273 , ndcg@10 : 0.3957 , ndcg@20 : 0.4287 
epoch 39 train end : avg_loss = 0.0003precision@5 : 0.5729, precision@10 : 0.4275, precision@20 : 0.2736 
recall@5 : 0.5060, recall@10 : 0.6915, precision@20 : 0.8336 
ndcg@5 : 0.6914 , ndcg@10 : 0.7492 , ndcg@20 : 0.7696 

--------------------------------------------------
epoch 39 test end : avg_loss = 0.0007
precision@5 : 0.2832 , precision@10 : 0.2335 , precision@20 : 0.1756 
recall@5 : 0.2064, recall@10 : 0.3252, precision@20 : 0.4712 
ndcg@5 : 0.3212 , ndcg@10 : 0.3904 , ndcg@20 : 0.4241 
epoch 40 train end : avg_loss = 0.0003precision@5 : 0.5769, precision@10 : 0.4310, precision@20 : 0.2751 
recall@5 : 0.5097, recall@10 : 0.6985, precision@20 : 0.8392 
ndcg@5 : 0.6955 , ndcg@10 : 0.7540 , ndcg@20 : 0.7740 

--------------------------------------------------
epoch 40 test end : avg_loss = 0.0007
precision@5 : 0.2849 , precision@10 : 0.2325 , precision@20 : 0.1774 
recall@5 : 0.2072, recall@10 : 0.3254, precision@20 : 0.4809 
ndcg@5 : 0.3218 , ndcg@10 : 0.3926 , ndcg@20 : 0.4241 
epoch 41 train end : avg_loss = 0.0003precision@5 : 0.5823, precision@10 : 0.4341, precision@20 : 0.2765 
recall@5 : 0.5160, recall@10 : 0.7028, precision@20 : 0.8421 
ndcg@5 : 0.7027 , ndcg@10 : 0.7595 , ndcg@20 : 0.7791 

--------------------------------------------------
epoch 41 test end : avg_loss = 0.0007
precision@5 : 0.2825 , precision@10 : 0.2314 , precision@20 : 0.1760 
recall@5 : 0.2037, recall@10 : 0.3220, precision@20 : 0.4690 
ndcg@5 : 0.3196 , ndcg@10 : 0.3882 , ndcg@20 : 0.4203 
epoch 42 train end : avg_loss = 0.0003precision@5 : 0.5868, precision@10 : 0.4367, precision@20 : 0.2776 
recall@5 : 0.5202, recall@10 : 0.7078, precision@20 : 0.8460 
ndcg@5 : 0.7075 , ndcg@10 : 0.7634 , ndcg@20 : 0.7828 

--------------------------------------------------
epoch 42 test end : avg_loss = 0.0007
precision@5 : 0.2811 , precision@10 : 0.2304 , precision@20 : 0.1765 
recall@5 : 0.2039, recall@10 : 0.3233, precision@20 : 0.4778 
ndcg@5 : 0.3190 , ndcg@10 : 0.3914 , ndcg@20 : 0.4232 
epoch 43 train end : avg_loss = 0.0003precision@5 : 0.5901, precision@10 : 0.4394, precision@20 : 0.2784 
recall@5 : 0.5243, recall@10 : 0.7128, precision@20 : 0.8493 
ndcg@5 : 0.7123 , ndcg@10 : 0.7679 , ndcg@20 : 0.7868 

--------------------------------------------------
epoch 43 test end : avg_loss = 0.0007
precision@5 : 0.2875 , precision@10 : 0.2346 , precision@20 : 0.1776 
recall@5 : 0.2065, recall@10 : 0.3261, precision@20 : 0.4794 
ndcg@5 : 0.3265 , ndcg@10 : 0.3954 , ndcg@20 : 0.4275 
epoch 44 train end : avg_loss = 0.0003precision@5 : 0.5962, precision@10 : 0.4422, precision@20 : 0.2796 
recall@5 : 0.5306, recall@10 : 0.7181, precision@20 : 0.8532 
ndcg@5 : 0.7191 , ndcg@10 : 0.7730 , ndcg@20 : 0.7916 

--------------------------------------------------
epoch 44 test end : avg_loss = 0.0007
precision@5 : 0.2816 , precision@10 : 0.2295 , precision@20 : 0.1756 
recall@5 : 0.2035, recall@10 : 0.3193, precision@20 : 0.4736 
ndcg@5 : 0.3200 , ndcg@10 : 0.3902 , ndcg@20 : 0.4230 
epoch 45 train end : avg_loss = 0.0003precision@5 : 0.5981, precision@10 : 0.4440, precision@20 : 0.2807 
recall@5 : 0.5332, recall@10 : 0.7210, precision@20 : 0.8564 
ndcg@5 : 0.7224 , ndcg@10 : 0.7767 , ndcg@20 : 0.7953 

--------------------------------------------------
epoch 45 test end : avg_loss = 0.0007
precision@5 : 0.2816 , precision@10 : 0.2284 , precision@20 : 0.1742 
recall@5 : 0.2042, recall@10 : 0.3194, precision@20 : 0.4709 
ndcg@5 : 0.3181 , ndcg@10 : 0.3870 , ndcg@20 : 0.4193 
epoch 46 train end : avg_loss = 0.0003precision@5 : 0.6045, precision@10 : 0.4475, precision@20 : 0.2818 
recall@5 : 0.5396, recall@10 : 0.7263, precision@20 : 0.8591 
ndcg@5 : 0.7304 , ndcg@10 : 0.7823 , ndcg@20 : 0.8008 

--------------------------------------------------
epoch 46 test end : avg_loss = 0.0008
precision@5 : 0.2749 , precision@10 : 0.2276 , precision@20 : 0.1737 
recall@5 : 0.2042, recall@10 : 0.3220, precision@20 : 0.4699 
ndcg@5 : 0.3115 , ndcg@10 : 0.3833 , ndcg@20 : 0.4161 
epoch 47 train end : avg_loss = 0.0003precision@5 : 0.6068, precision@10 : 0.4503, precision@20 : 0.2829 
recall@5 : 0.5432, recall@10 : 0.7330, precision@20 : 0.8636 
ndcg@5 : 0.7351 , ndcg@10 : 0.7878 , ndcg@20 : 0.8052 

--------------------------------------------------
epoch 47 test end : avg_loss = 0.0007
precision@5 : 0.2842 , precision@10 : 0.2308 , precision@20 : 0.1735 
recall@5 : 0.2076, recall@10 : 0.3203, precision@20 : 0.4650 
ndcg@5 : 0.3209 , ndcg@10 : 0.3852 , ndcg@20 : 0.4169 
epoch 48 train end : avg_loss = 0.0003precision@5 : 0.6104, precision@10 : 0.4524, precision@20 : 0.2837 
recall@5 : 0.5462, recall@10 : 0.7357, precision@20 : 0.8660 
ndcg@5 : 0.7391 , ndcg@10 : 0.7909 , ndcg@20 : 0.8080 

--------------------------------------------------
epoch 48 test end : avg_loss = 0.0008
precision@5 : 0.2725 , precision@10 : 0.2256 , precision@20 : 0.1734 
recall@5 : 0.2012, recall@10 : 0.3171, precision@20 : 0.4711 
ndcg@5 : 0.3088 , ndcg@10 : 0.3824 , ndcg@20 : 0.4139 
epoch 49 train end : avg_loss = 0.0002precision@5 : 0.6126, precision@10 : 0.4544, precision@20 : 0.2847 
recall@5 : 0.5495, recall@10 : 0.7391, precision@20 : 0.8693 
ndcg@5 : 0.7420 , ndcg@10 : 0.7939 , ndcg@20 : 0.8108 

--------------------------------------------------
epoch 49 test end : avg_loss = 0.0008
precision@5 : 0.2804 , precision@10 : 0.2290 , precision@20 : 0.1732 
recall@5 : 0.2025, recall@10 : 0.3172, precision@20 : 0.4677 
ndcg@5 : 0.3132 , ndcg@10 : 0.3817 , ndcg@20 : 0.4142 
epoch 50 train end : avg_loss = 0.0002precision@5 : 0.6168, precision@10 : 0.4565, precision@20 : 0.2852 
recall@5 : 0.5534, recall@10 : 0.7427, precision@20 : 0.8710 
ndcg@5 : 0.7477 , ndcg@10 : 0.7981 , ndcg@20 : 0.8147 

--------------------------------------------------
epoch 50 test end : avg_loss = 0.0008
precision@5 : 0.2834 , precision@10 : 0.2291 , precision@20 : 0.1739 
recall@5 : 0.2114, recall@10 : 0.3235, precision@20 : 0.4712 
ndcg@5 : 0.3235 , ndcg@10 : 0.3901 , ndcg@20 : 0.4204 
epoch 51 train end : avg_loss = 0.0002precision@5 : 0.6199, precision@10 : 0.4585, precision@20 : 0.2860 
recall@5 : 0.5572, recall@10 : 0.7469, precision@20 : 0.8724 
ndcg@5 : 0.7513 , ndcg@10 : 0.8009 , ndcg@20 : 0.8179 

--------------------------------------------------
epoch 51 test end : avg_loss = 0.0008
precision@5 : 0.2744 , precision@10 : 0.2241 , precision@20 : 0.1692 
recall@5 : 0.1985, recall@10 : 0.3147, precision@20 : 0.4555 
ndcg@5 : 0.3104 , ndcg@10 : 0.3766 , ndcg@20 : 0.4104 
epoch 52 train end : avg_loss = 0.0002precision@5 : 0.6230, precision@10 : 0.4604, precision@20 : 0.2872 
recall@5 : 0.5602, recall@10 : 0.7491, precision@20 : 0.8766 
ndcg@5 : 0.7551 , ndcg@10 : 0.8045 , ndcg@20 : 0.8203 

--------------------------------------------------
epoch 52 test end : avg_loss = 0.0008
precision@5 : 0.2750 , precision@10 : 0.2254 , precision@20 : 0.1713 
recall@5 : 0.1996, recall@10 : 0.3131, precision@20 : 0.4610 
ndcg@5 : 0.3104 , ndcg@10 : 0.3791 , ndcg@20 : 0.4113 
epoch 53 train end : avg_loss = 0.0002precision@5 : 0.6261, precision@10 : 0.4631, precision@20 : 0.2881 
recall@5 : 0.5645, recall@10 : 0.7546, precision@20 : 0.8794 
ndcg@5 : 0.7594 , ndcg@10 : 0.8085 , ndcg@20 : 0.8244 

--------------------------------------------------
epoch 53 test end : avg_loss = 0.0008
precision@5 : 0.2724 , precision@10 : 0.2285 , precision@20 : 0.1734 
recall@5 : 0.1986, recall@10 : 0.3192, precision@20 : 0.4665 
ndcg@5 : 0.3093 , ndcg@10 : 0.3823 , ndcg@20 : 0.4151 
epoch 54 train end : avg_loss = 0.0002precision@5 : 0.6286, precision@10 : 0.4655, precision@20 : 0.2889 
recall@5 : 0.5668, recall@10 : 0.7578, precision@20 : 0.8810 
ndcg@5 : 0.7628 , ndcg@10 : 0.8115 , ndcg@20 : 0.8269 

--------------------------------------------------
epoch 54 test end : avg_loss = 0.0008
precision@5 : 0.2716 , precision@10 : 0.2246 , precision@20 : 0.1713 
recall@5 : 0.1988, recall@10 : 0.3154, precision@20 : 0.4636 
ndcg@5 : 0.3095 , ndcg@10 : 0.3791 , ndcg@20 : 0.4127 
