Running EPOCH 1
100%|█████████████████████████████████████████| 411/411 [01:58<00:00,  3.47it/s]
100%|███████████████████████████████████████████| 31/31 [00:07<00:00,  4.32it/s]
epoch  1 test end : avg_loss = 0.0007
precision@5 : 0.2353 , precision@10 : 0.1837 , precision@20 : 0.1389
recall@5 : 0.1552, recall@10 : 0.2394, precision@20 : 0.3574
ndcg@5 : 0.2689 , ndcg@10 : 0.3084 , ndcg@20 : 0.3400
Running EPOCH 2
100%|█████████████████████████████████████████| 411/411 [01:56<00:00,  3.52it/s]
100%|███████████████████████████████████████████| 31/31 [00:07<00:00,  4.33it/s]
epoch  2 test end : avg_loss = 0.0007
precision@5 : 0.2642 , precision@10 : 0.2099 , precision@20 : 0.1585
recall@5 : 0.1813, recall@10 : 0.2812, precision@20 : 0.4146
ndcg@5 : 0.2990 , ndcg@10 : 0.3499 , ndcg@20 : 0.3815
Running EPOCH 3
100%|█████████████████████████████████████████| 411/411 [01:57<00:00,  3.50it/s]
100%|███████████████████████████████████████████| 31/31 [00:07<00:00,  4.31it/s]
epoch  3 test end : avg_loss = 0.0006
precision@5 : 0.2832 , precision@10 : 0.2304 , precision@20 : 0.1712
recall@5 : 0.1967, recall@10 : 0.3108, precision@20 : 0.4499
ndcg@5 : 0.3252 , ndcg@10 : 0.3831 , ndcg@20 : 0.4155
Running EPOCH 4
100%|█████████████████████████████████████████| 411/411 [01:58<00:00,  3.46it/s]
100%|███████████████████████████████████████████| 31/31 [00:07<00:00,  4.32it/s]
epoch  4 test end : avg_loss = 0.0006
precision@5 : 0.2968 , precision@10 : 0.2395 , precision@20 : 0.1785
recall@5 : 0.2075, recall@10 : 0.3244, precision@20 : 0.4676
ndcg@5 : 0.3357 , ndcg@10 : 0.3960 , ndcg@20 : 0.4286
Running EPOCH 5
100%|█████████████████████████████████████████| 411/411 [02:04<00:00,  3.30it/s]
100%|███████████████████████████████████████████| 31/31 [00:07<00:00,  4.32it/s]
epoch  5 test end : avg_loss = 0.0006
precision@5 : 0.3017 , precision@10 : 0.2454 , precision@20 : 0.1836
recall@5 : 0.2116, recall@10 : 0.3359, precision@20 : 0.4867
ndcg@5 : 0.3422 , ndcg@10 : 0.4089 , ndcg@20 : 0.4424
Running EPOCH 6
100%|█████████████████████████████████████████| 411/411 [01:56<00:00,  3.51it/s]
100%|███████████████████████████████████████████| 31/31 [00:07<00:00,  4.32it/s]
epoch  6 test end : avg_loss = 0.0006
precision@5 : 0.3155 , precision@10 : 0.2519 , precision@20 : 0.1868
recall@5 : 0.2254, recall@10 : 0.3496, precision@20 : 0.4998
ndcg@5 : 0.3596 , ndcg@10 : 0.4231 , ndcg@20 : 0.4563
Running EPOCH 7
100%|█████████████████████████████████████████| 411/411 [02:03<00:00,  3.33it/s]
100%|███████████████████████████████████████████| 31/31 [00:07<00:00,  4.32it/s]
epoch  7 test end : avg_loss = 0.0006
precision@5 : 0.3161 , precision@10 : 0.2544 , precision@20 : 0.1895
recall@5 : 0.2267, recall@10 : 0.3530, precision@20 : 0.5065
ndcg@5 : 0.3601 , ndcg@10 : 0.4270 , ndcg@20 : 0.4613
Running EPOCH 8
100%|█████████████████████████████████████████| 411/411 [02:00<00:00,  3.41it/s]
100%|███████████████████████████████████████████| 31/31 [00:07<00:00,  4.32it/s]
epoch  8 test end : avg_loss = 0.0006
precision@5 : 0.3220 , precision@10 : 0.2598 , precision@20 : 0.1919
recall@5 : 0.2298, recall@10 : 0.3589, precision@20 : 0.5078
ndcg@5 : 0.3646 , ndcg@10 : 0.4307 , ndcg@20 : 0.4619
Running EPOCH 9
100%|█████████████████████████████████████████| 411/411 [01:50<00:00,  3.71it/s]
100%|███████████████████████████████████████████| 31/31 [00:07<00:00,  4.33it/s]
epoch  9 test end : avg_loss = 0.0006
precision@5 : 0.3242 , precision@10 : 0.2588 , precision@20 : 0.1917
recall@5 : 0.2337, recall@10 : 0.3590, precision@20 : 0.5131
ndcg@5 : 0.3684 , ndcg@10 : 0.4333 , ndcg@20 : 0.4657
Running EPOCH 10
100%|█████████████████████████████████████████| 411/411 [01:56<00:00,  3.52it/s]
100%|███████████████████████████████████████████| 31/31 [00:07<00:00,  4.32it/s]
epoch 10 test end : avg_loss = 0.0006
precision@5 : 0.3254 , precision@10 : 0.2624 , precision@20 : 0.1921
recall@5 : 0.2335, recall@10 : 0.3654, precision@20 : 0.5137
ndcg@5 : 0.3695 , ndcg@10 : 0.4354 , ndcg@20 : 0.4681
Running EPOCH 11
100%|█████████████████████████████████████████| 411/411 [02:03<00:00,  3.34it/s]
100%|███████████████████████████████████████████| 31/31 [00:07<00:00,  4.32it/s]
epoch 11 test end : avg_loss = 0.0006
precision@5 : 0.3267 , precision@10 : 0.2622 , precision@20 : 0.1941
recall@5 : 0.2349, recall@10 : 0.3667, precision@20 : 0.5192
ndcg@5 : 0.3713 , ndcg@10 : 0.4387 , ndcg@20 : 0.4720
Running EPOCH 12
100%|█████████████████████████████████████████| 411/411 [01:58<00:00,  3.46it/s]
100%|███████████████████████████████████████████| 31/31 [00:07<00:00,  4.32it/s]
epoch 12 test end : avg_loss = 0.0006
precision@5 : 0.3271 , precision@10 : 0.2658 , precision@20 : 0.1949
recall@5 : 0.2373, recall@10 : 0.3710, precision@20 : 0.5214
ndcg@5 : 0.3726 , ndcg@10 : 0.4413 , ndcg@20 : 0.4731
Running EPOCH 13
100%|█████████████████████████████████████████| 411/411 [01:57<00:00,  3.49it/s]
100%|███████████████████████████████████████████| 31/31 [00:07<00:00,  4.32it/s]
epoch 13 test end : avg_loss = 0.0006
precision@5 : 0.3266 , precision@10 : 0.2644 , precision@20 : 0.1951
recall@5 : 0.2380, recall@10 : 0.3653, precision@20 : 0.5221
ndcg@5 : 0.3724 , ndcg@10 : 0.4413 , ndcg@20 : 0.4750
Running EPOCH 14
100%|█████████████████████████████████████████| 411/411 [01:56<00:00,  3.52it/s]
100%|███████████████████████████████████████████| 31/31 [00:07<00:00,  4.31it/s]
epoch 14 test end : avg_loss = 0.0006
precision@5 : 0.3329 , precision@10 : 0.2651 , precision@20 : 0.1952
recall@5 : 0.2391, recall@10 : 0.3707, precision@20 : 0.5243
ndcg@5 : 0.3772 , ndcg@10 : 0.4433 , ndcg@20 : 0.4742
Running EPOCH 15
100%|█████████████████████████████████████████| 411/411 [01:56<00:00,  3.52it/s]
100%|███████████████████████████████████████████| 31/31 [00:07<00:00,  4.31it/s]
epoch 15 test end : avg_loss = 0.0006
precision@5 : 0.3282 , precision@10 : 0.2631 , precision@20 : 0.1939
recall@5 : 0.2390, recall@10 : 0.3662, precision@20 : 0.5221
ndcg@5 : 0.3729 , ndcg@10 : 0.4395 , ndcg@20 : 0.4722
Running EPOCH 16
100%|█████████████████████████████████████████| 411/411 [01:59<00:00,  3.43it/s]
100%|███████████████████████████████████████████| 31/31 [00:07<00:00,  4.32it/s]
epoch 16 test end : avg_loss = 0.0006
precision@5 : 0.3301 , precision@10 : 0.2634 , precision@20 : 0.1944
recall@5 : 0.2404, recall@10 : 0.3695, precision@20 : 0.5217
ndcg@5 : 0.3758 , ndcg@10 : 0.4422 , ndcg@20 : 0.4758
Running EPOCH 17
100%|█████████████████████████████████████████| 411/411 [02:03<00:00,  3.33it/s]
100%|███████████████████████████████████████████| 31/31 [00:07<00:00,  4.31it/s]
epoch 17 test end : avg_loss = 0.0006
precision@5 : 0.3294 , precision@10 : 0.2605 , precision@20 : 0.1951
recall@5 : 0.2414, recall@10 : 0.3632, precision@20 : 0.5245
ndcg@5 : 0.3763 , ndcg@10 : 0.4433 , ndcg@20 : 0.4739
Running EPOCH 18
100%|█████████████████████████████████████████| 411/411 [01:58<00:00,  3.47it/s]
100%|███████████████████████████████████████████| 31/31 [00:07<00:00,  4.33it/s]
epoch 18 test end : avg_loss = 0.0006
precision@5 : 0.3220 , precision@10 : 0.2570 , precision@20 : 0.1912
recall@5 : 0.2381, recall@10 : 0.3622, precision@20 : 0.5190
ndcg@5 : 0.3699 , ndcg@10 : 0.4371 , ndcg@20 : 0.4699
Running EPOCH 19
100%|█████████████████████████████████████████| 411/411 [02:03<00:00,  3.34it/s]
100%|███████████████████████████████████████████| 31/31 [00:07<00:00,  4.32it/s]
epoch 19 test end : avg_loss = 0.0006
precision@5 : 0.3230 , precision@10 : 0.2615 , precision@20 : 0.1932
recall@5 : 0.2328, recall@10 : 0.3647, precision@20 : 0.5203
ndcg@5 : 0.3676 , ndcg@10 : 0.4368 , ndcg@20 : 0.4686
Running EPOCH 20
100%|█████████████████████████████████████████| 411/411 [01:58<00:00,  3.47it/s]
100%|███████████████████████████████████████████| 31/31 [00:07<00:00,  4.31it/s]
epoch 20 test end : avg_loss = 0.0006
precision@5 : 0.3254 , precision@10 : 0.2609 , precision@20 : 0.1924
recall@5 : 0.2376, recall@10 : 0.3676, precision@20 : 0.5183
ndcg@5 : 0.3706 , ndcg@10 : 0.4376 , ndcg@20 : 0.4697
Running EPOCH 21
100%|█████████████████████████████████████████| 411/411 [01:56<00:00,  3.51it/s]
100%|███████████████████████████████████████████| 31/31 [00:07<00:00,  4.31it/s]
epoch 21 test end : avg_loss = 0.0006
precision@5 : 0.3271 , precision@10 : 0.2585 , precision@20 : 0.1934
recall@5 : 0.2405, recall@10 : 0.3644, precision@20 : 0.5259
ndcg@5 : 0.3748 , ndcg@10 : 0.4417 , ndcg@20 : 0.4729
Running EPOCH 22
100%|█████████████████████████████████████████| 411/411 [02:00<00:00,  3.42it/s]
100%|███████████████████████████████████████████| 31/31 [00:07<00:00,  4.32it/s]
epoch 22 test end : avg_loss = 0.0006
precision@5 : 0.3235 , precision@10 : 0.2584 , precision@20 : 0.1919
recall@5 : 0.2358, recall@10 : 0.3638, precision@20 : 0.5192
ndcg@5 : 0.3702 , ndcg@10 : 0.4372 , ndcg@20 : 0.4697
Running EPOCH 23
100%|█████████████████████████████████████████| 411/411 [02:03<00:00,  3.32it/s]
100%|███████████████████████████████████████████| 31/31 [00:07<00:00,  4.31it/s]
epoch 23 test end : avg_loss = 0.0006
precision@5 : 0.3188 , precision@10 : 0.2579 , precision@20 : 0.1911
recall@5 : 0.2297, recall@10 : 0.3636, precision@20 : 0.5162
ndcg@5 : 0.3623 , ndcg@10 : 0.4324 , ndcg@20 : 0.4657
Running EPOCH 24
100%|█████████████████████████████████████████| 411/411 [01:53<00:00,  3.64it/s]
100%|███████████████████████████████████████████| 31/31 [00:07<00:00,  4.31it/s]
epoch 24 test end : avg_loss = 0.0006
precision@5 : 0.3171 , precision@10 : 0.2551 , precision@20 : 0.1909
recall@5 : 0.2316, recall@10 : 0.3563, precision@20 : 0.5121
ndcg@5 : 0.3608 , ndcg@10 : 0.4303 , ndcg@20 : 0.4623
Running EPOCH 25
100%|█████████████████████████████████████████| 411/411 [01:58<00:00,  3.46it/s]
100%|███████████████████████████████████████████| 31/31 [00:07<00:00,  4.30it/s]
epoch 25 test end : avg_loss = 0.0006
precision@5 : 0.3214 , precision@10 : 0.2599 , precision@20 : 0.1901
recall@5 : 0.2312, recall@10 : 0.3637, precision@20 : 0.5096
ndcg@5 : 0.3668 , ndcg@10 : 0.4326 , ndcg@20 : 0.4661