2021-10-28 20:09:15,061 - INFO - test - loading data...
2021-10-28 20:09:19,058 - INFO - test - load done
2021-10-28 20:09:28,294 - INFO - test - Running Epoch 1
2021-10-28 20:12:02,422 - INFO - test - epoch  1 train end: avg_loss = 0.0001
2021-10-28 20:12:02,422 - INFO - test - precision@5 : 0.1929, precision@10 : 0.1441, precision@20 : 0.1068 
2021-10-28 20:12:02,422 - INFO - test - recall@5: 0.1355, recall@10: 0.2000, precision@20 : 0.2996
2021-10-28 20:12:02,423 - INFO - test - ndcg@5 : 0.2272 , ndcg@10 : 0.2554 , ndcg@20 : 0.2807 
2021-10-28 20:12:10,048 - INFO - test - 
*****************evaluating****************

2021-10-28 20:12:10,048 - INFO - test - epoch  1 test end : avg_loss = 0.0001
2021-10-28 20:12:10,049 - INFO - test - precision@5 : 0.2336 , precision@10 : 0.1853 , precision@20 : 0.1372 
2021-10-28 20:12:10,049 - INFO - test - recall@5 : 0.1548, recall@10 : 0.2429, precision@20 : 0.3552 
2021-10-28 20:12:10,049 - INFO - test - ndcg@5 : 0.2698 , ndcg@10 : 0.3086 , ndcg@20 : 0.3383 
2021-10-28 20:12:10,049 - INFO - test - Running Epoch 2
2021-10-28 20:14:55,096 - INFO - test - epoch  2 train end: avg_loss = 0.0001
2021-10-28 20:14:55,096 - INFO - test - precision@5 : 0.2369, precision@10 : 0.1846, precision@20 : 0.1365 
2021-10-28 20:14:55,097 - INFO - test - recall@5: 0.1675, recall@10: 0.2605, precision@20 : 0.3853
2021-10-28 20:14:55,097 - INFO - test - ndcg@5 : 0.2746 , ndcg@10 : 0.3202 , ndcg@20 : 0.3523 
2021-10-28 20:15:03,866 - INFO - test - 
*****************evaluating****************

2021-10-28 20:15:03,866 - INFO - test - epoch  2 test end : avg_loss = 0.0001
2021-10-28 20:15:03,866 - INFO - test - precision@5 : 0.2468 , precision@10 : 0.2011 , precision@20 : 0.1519 
2021-10-28 20:15:03,866 - INFO - test - recall@5 : 0.1639, recall@10 : 0.2656, precision@20 : 0.3983 
2021-10-28 20:15:03,866 - INFO - test - ndcg@5 : 0.2850 , ndcg@10 : 0.3383 , ndcg@20 : 0.3704 
2021-10-28 20:15:03,866 - INFO - test - Running Epoch 3
2021-10-28 20:17:42,388 - INFO - test - epoch  3 train end: avg_loss = 0.0001
2021-10-28 20:17:42,389 - INFO - test - precision@5 : 0.2550, precision@10 : 0.2007, precision@20 : 0.1488 
2021-10-28 20:17:42,389 - INFO - test - recall@5: 0.1840, recall@10: 0.2880, precision@20 : 0.4230
2021-10-28 20:17:42,389 - INFO - test - ndcg@5 : 0.2941 , ndcg@10 : 0.3473 , ndcg@20 : 0.3808 
2021-10-28 20:17:51,001 - INFO - test - 
*****************evaluating****************

2021-10-28 20:17:51,001 - INFO - test - epoch  3 test end : avg_loss = 0.0001
2021-10-28 20:17:51,001 - INFO - test - precision@5 : 0.2714 , precision@10 : 0.2157 , precision@20 : 0.1617 
2021-10-28 20:17:51,002 - INFO - test - recall@5 : 0.1854, recall@10 : 0.2910, precision@20 : 0.4244 
2021-10-28 20:17:51,002 - INFO - test - ndcg@5 : 0.3089 , ndcg@10 : 0.3607 , ndcg@20 : 0.3921 
2021-10-28 20:17:51,002 - INFO - test - Running Epoch 4
2021-10-28 20:20:28,952 - INFO - test - epoch  4 train end: avg_loss = 0.0001
2021-10-28 20:20:28,952 - INFO - test - precision@5 : 0.2681, precision@10 : 0.2115, precision@20 : 0.1557 
2021-10-28 20:20:28,953 - INFO - test - recall@5: 0.1960, recall@10: 0.3057, precision@20 : 0.4449
2021-10-28 20:20:28,953 - INFO - test - ndcg@5 : 0.3093 , ndcg@10 : 0.3653 , ndcg@20 : 0.3990 
2021-10-28 20:20:37,759 - INFO - test - 
*****************evaluating****************

2021-10-28 20:20:37,759 - INFO - test - epoch  4 test end : avg_loss = 0.0001
2021-10-28 20:20:37,759 - INFO - test - precision@5 : 0.2841 , precision@10 : 0.2244 , precision@20 : 0.1701 
2021-10-28 20:20:37,759 - INFO - test - recall@5 : 0.1963, recall@10 : 0.3033, precision@20 : 0.4483 
2021-10-28 20:20:37,759 - INFO - test - ndcg@5 : 0.3239 , ndcg@10 : 0.3801 , ndcg@20 : 0.4138 
2021-10-28 20:20:37,759 - INFO - test - Running Epoch 5
2021-10-28 20:23:23,745 - INFO - test - epoch  5 train end: avg_loss = 0.0001
2021-10-28 20:23:23,745 - INFO - test - precision@5 : 0.2773, precision@10 : 0.2180, precision@20 : 0.1604 
2021-10-28 20:23:23,747 - INFO - test - recall@5: 0.2044, recall@10: 0.3155, precision@20 : 0.4594
2021-10-28 20:23:23,747 - INFO - test - ndcg@5 : 0.3199 , ndcg@10 : 0.3774 , ndcg@20 : 0.4114 
2021-10-28 20:23:34,020 - INFO - test - 
*****************evaluating****************

2021-10-28 20:23:34,020 - INFO - test - epoch  5 test end : avg_loss = 0.0001
2021-10-28 20:23:34,020 - INFO - test - precision@5 : 0.2834 , precision@10 : 0.2260 , precision@20 : 0.1712 
2021-10-28 20:23:34,020 - INFO - test - recall@5 : 0.1953, recall@10 : 0.3084, precision@20 : 0.4500 
2021-10-28 20:23:34,020 - INFO - test - ndcg@5 : 0.3248 , ndcg@10 : 0.3827 , ndcg@20 : 0.4152 
2021-10-28 20:23:34,020 - INFO - test - Running Epoch 6
2021-10-28 20:26:12,046 - INFO - test - epoch  6 train end: avg_loss = 0.0001
2021-10-28 20:26:12,047 - INFO - test - precision@5 : 0.2828, precision@10 : 0.2232, precision@20 : 0.1633 
2021-10-28 20:26:12,047 - INFO - test - recall@5: 0.2094, recall@10: 0.3241, precision@20 : 0.4691
2021-10-28 20:26:12,047 - INFO - test - ndcg@5 : 0.3264 , ndcg@10 : 0.3853 , ndcg@20 : 0.4192 
2021-10-28 20:26:20,720 - INFO - test - 
*****************evaluating****************

2021-10-28 20:26:20,721 - INFO - test - epoch  6 test end : avg_loss = 0.0001
2021-10-28 20:26:20,721 - INFO - test - precision@5 : 0.2921 , precision@10 : 0.2336 , precision@20 : 0.1746 
2021-10-28 20:26:20,721 - INFO - test - recall@5 : 0.2034, recall@10 : 0.3195, precision@20 : 0.4642 
2021-10-28 20:26:20,721 - INFO - test - ndcg@5 : 0.3372 , ndcg@10 : 0.3959 , ndcg@20 : 0.4289 
2021-10-28 20:26:20,721 - INFO - test - Running Epoch 7
2021-10-28 20:28:55,091 - INFO - test - epoch  7 train end: avg_loss = 0.0001
2021-10-28 20:28:55,092 - INFO - test - precision@5 : 0.2877, precision@10 : 0.2267, precision@20 : 0.1659 
2021-10-28 20:28:55,092 - INFO - test - recall@5: 0.2132, recall@10: 0.3300, precision@20 : 0.4768
2021-10-28 20:28:55,092 - INFO - test - ndcg@5 : 0.3323 , ndcg@10 : 0.3921 , ndcg@20 : 0.4263 
2021-10-28 20:29:03,838 - INFO - test - 
*****************evaluating****************

2021-10-28 20:29:03,838 - INFO - test - epoch  7 test end : avg_loss = 0.0001
2021-10-28 20:29:03,838 - INFO - test - precision@5 : 0.2995 , precision@10 : 0.2375 , precision@20 : 0.1777 
2021-10-28 20:29:03,838 - INFO - test - recall@5 : 0.2098, recall@10 : 0.3238, precision@20 : 0.4711 
2021-10-28 20:29:03,838 - INFO - test - ndcg@5 : 0.3423 , ndcg@10 : 0.4003 , ndcg@20 : 0.4319 
2021-10-28 20:29:03,838 - INFO - test - Running Epoch 8
2021-10-28 20:31:38,415 - INFO - test - epoch  8 train end: avg_loss = 0.0001
2021-10-28 20:31:38,415 - INFO - test - precision@5 : 0.2920, precision@10 : 0.2308, precision@20 : 0.1684 
2021-10-28 20:31:38,415 - INFO - test - recall@5: 0.2174, recall@10: 0.3363, precision@20 : 0.4849
2021-10-28 20:31:38,415 - INFO - test - ndcg@5 : 0.3381 , ndcg@10 : 0.3990 , ndcg@20 : 0.4332 
2021-10-28 20:31:48,749 - INFO - test - 
*****************evaluating****************

2021-10-28 20:31:48,749 - INFO - test - epoch  8 test end : avg_loss = 0.0001
2021-10-28 20:31:48,749 - INFO - test - precision@5 : 0.3017 , precision@10 : 0.2373 , precision@20 : 0.1801 
2021-10-28 20:31:48,750 - INFO - test - recall@5 : 0.2123, recall@10 : 0.3239, precision@20 : 0.4785 
2021-10-28 20:31:48,750 - INFO - test - ndcg@5 : 0.3457 , ndcg@10 : 0.4059 , ndcg@20 : 0.4380 
2021-10-28 20:31:48,750 - INFO - test - Running Epoch 9
2021-10-28 20:34:36,279 - INFO - test - epoch  9 train end: avg_loss = 0.0001
2021-10-28 20:34:36,279 - INFO - test - precision@5 : 0.2968, precision@10 : 0.2343, precision@20 : 0.1702 
2021-10-28 20:34:36,279 - INFO - test - recall@5: 0.2215, recall@10: 0.3429, precision@20 : 0.4909
2021-10-28 20:34:36,279 - INFO - test - ndcg@5 : 0.3430 , ndcg@10 : 0.4040 , ndcg@20 : 0.4384 
2021-10-28 20:34:46,612 - INFO - test - 
*****************evaluating****************

2021-10-28 20:34:46,612 - INFO - test - epoch  9 test end : avg_loss = 0.0001
2021-10-28 20:34:46,612 - INFO - test - precision@5 : 0.3033 , precision@10 : 0.2411 , precision@20 : 0.1809 
2021-10-28 20:34:46,612 - INFO - test - recall@5 : 0.2147, recall@10 : 0.3307, precision@20 : 0.4786 
2021-10-28 20:34:46,612 - INFO - test - ndcg@5 : 0.3463 , ndcg@10 : 0.4067 , ndcg@20 : 0.4379 
2021-10-28 20:34:46,612 - INFO - test - Running Epoch 10
2021-10-28 20:37:31,596 - INFO - test - epoch 10 train end: avg_loss = 0.0001
2021-10-28 20:37:31,596 - INFO - test - precision@5 : 0.3011, precision@10 : 0.2371, precision@20 : 0.1722 
2021-10-28 20:37:31,597 - INFO - test - recall@5: 0.2250, recall@10: 0.3482, precision@20 : 0.4969
2021-10-28 20:37:31,597 - INFO - test - ndcg@5 : 0.3475 , ndcg@10 : 0.4091 , ndcg@20 : 0.4438 
2021-10-28 20:37:40,988 - INFO - test - 
*****************evaluating****************

2021-10-28 20:37:40,989 - INFO - test - epoch 10 test end : avg_loss = 0.0001
2021-10-28 20:37:40,989 - INFO - test - precision@5 : 0.3052 , precision@10 : 0.2452 , precision@20 : 0.1824 
2021-10-28 20:37:40,989 - INFO - test - recall@5 : 0.2151, recall@10 : 0.3360, precision@20 : 0.4879 
2021-10-28 20:37:40,989 - INFO - test - ndcg@5 : 0.3490 , ndcg@10 : 0.4120 , ndcg@20 : 0.4445 
2021-10-28 20:37:40,989 - INFO - test - Running Epoch 11
2021-10-28 20:40:14,086 - INFO - test - epoch 11 train end: avg_loss = 0.0001
2021-10-28 20:40:14,086 - INFO - test - precision@5 : 0.3061, precision@10 : 0.2398, precision@20 : 0.1742 
2021-10-28 20:40:14,086 - INFO - test - recall@5: 0.2298, recall@10: 0.3517, precision@20 : 0.5024
2021-10-28 20:40:14,086 - INFO - test - ndcg@5 : 0.3529 , ndcg@10 : 0.4142 , ndcg@20 : 0.4489 
2021-10-28 20:40:24,302 - INFO - test - 
*****************evaluating****************

2021-10-28 20:40:24,302 - INFO - test - epoch 11 test end : avg_loss = 0.0001
2021-10-28 20:40:24,302 - INFO - test - precision@5 : 0.3086 , precision@10 : 0.2480 , precision@20 : 0.1843 
2021-10-28 20:40:24,302 - INFO - test - recall@5 : 0.2183, recall@10 : 0.3434, precision@20 : 0.4902 
2021-10-28 20:40:24,302 - INFO - test - ndcg@5 : 0.3526 , ndcg@10 : 0.4164 , ndcg@20 : 0.4478 
2021-10-28 20:40:24,302 - INFO - test - Running Epoch 12
2021-10-28 20:42:58,914 - INFO - test - epoch 12 train end: avg_loss = 0.0001
2021-10-28 20:42:58,914 - INFO - test - precision@5 : 0.3084, precision@10 : 0.2430, precision@20 : 0.1759 
2021-10-28 20:42:58,915 - INFO - test - recall@5: 0.2321, recall@10: 0.3568, precision@20 : 0.5086
2021-10-28 20:42:58,915 - INFO - test - ndcg@5 : 0.3561 , ndcg@10 : 0.4190 , ndcg@20 : 0.4534 
2021-10-28 20:43:07,744 - INFO - test - 
*****************evaluating****************

2021-10-28 20:43:07,745 - INFO - test - epoch 12 test end : avg_loss = 0.0001
2021-10-28 20:43:07,745 - INFO - test - precision@5 : 0.3099 , precision@10 : 0.2483 , precision@20 : 0.1848 
2021-10-28 20:43:07,745 - INFO - test - recall@5 : 0.2195, recall@10 : 0.3436, precision@20 : 0.4923 
2021-10-28 20:43:07,745 - INFO - test - ndcg@5 : 0.3527 , ndcg@10 : 0.4161 , ndcg@20 : 0.4476 
2021-10-28 20:43:07,745 - INFO - test - Running Epoch 13
2021-10-28 20:45:41,710 - INFO - test - epoch 13 train end: avg_loss = 0.0001
2021-10-28 20:45:41,710 - INFO - test - precision@5 : 0.3131, precision@10 : 0.2460, precision@20 : 0.1777 
2021-10-28 20:45:41,710 - INFO - test - recall@5: 0.2356, recall@10: 0.3622, precision@20 : 0.5138
2021-10-28 20:45:41,710 - INFO - test - ndcg@5 : 0.3611 , ndcg@10 : 0.4238 , ndcg@20 : 0.4586 
2021-10-28 20:45:51,505 - INFO - test - 
*****************evaluating****************

2021-10-28 20:45:51,505 - INFO - test - epoch 13 test end : avg_loss = 0.0001
2021-10-28 20:45:51,505 - INFO - test - precision@5 : 0.3141 , precision@10 : 0.2486 , precision@20 : 0.1863 
2021-10-28 20:45:51,505 - INFO - test - recall@5 : 0.2228, recall@10 : 0.3408, precision@20 : 0.4931 
2021-10-28 20:45:51,505 - INFO - test - ndcg@5 : 0.3571 , ndcg@10 : 0.4192 , ndcg@20 : 0.4501 
2021-10-28 20:45:51,505 - INFO - test - Running Epoch 14
2021-10-28 20:48:26,539 - INFO - test - epoch 14 train end: avg_loss = 0.0001
2021-10-28 20:48:26,539 - INFO - test - precision@5 : 0.3171, precision@10 : 0.2496, precision@20 : 0.1799 
2021-10-28 20:48:26,540 - INFO - test - recall@5: 0.2394, recall@10: 0.3690, precision@20 : 0.5209
2021-10-28 20:48:26,540 - INFO - test - ndcg@5 : 0.3660 , ndcg@10 : 0.4297 , ndcg@20 : 0.4638 
2021-10-28 20:48:36,804 - INFO - test - 
*****************evaluating****************

2021-10-28 20:48:36,805 - INFO - test - epoch 14 test end : avg_loss = 0.0001
2021-10-28 20:48:36,805 - INFO - test - precision@5 : 0.3138 , precision@10 : 0.2524 , precision@20 : 0.1861 
2021-10-28 20:48:36,805 - INFO - test - recall@5 : 0.2233, recall@10 : 0.3479, precision@20 : 0.4947 
2021-10-28 20:48:36,805 - INFO - test - ndcg@5 : 0.3583 , ndcg@10 : 0.4216 , ndcg@20 : 0.4547 
2021-10-28 20:48:36,805 - INFO - test - Running Epoch 15
2021-10-28 20:51:20,570 - INFO - test - epoch 15 train end: avg_loss = 0.0001
2021-10-28 20:51:20,571 - INFO - test - precision@5 : 0.3203, precision@10 : 0.2511, precision@20 : 0.1809 
2021-10-28 20:51:20,571 - INFO - test - recall@5: 0.2422, recall@10: 0.3708, precision@20 : 0.5238
2021-10-28 20:51:20,571 - INFO - test - ndcg@5 : 0.3693 , ndcg@10 : 0.4325 , ndcg@20 : 0.4673 
2021-10-28 20:51:29,385 - INFO - test - 
*****************evaluating****************

2021-10-28 20:51:29,385 - INFO - test - epoch 15 test end : avg_loss = 0.0001
2021-10-28 20:51:29,385 - INFO - test - precision@5 : 0.3165 , precision@10 : 0.2542 , precision@20 : 0.1875 
2021-10-28 20:51:29,385 - INFO - test - recall@5 : 0.2260, recall@10 : 0.3505, precision@20 : 0.5012 
2021-10-28 20:51:29,385 - INFO - test - ndcg@5 : 0.3627 , ndcg@10 : 0.4267 , ndcg@20 : 0.4593 
2021-10-28 20:51:29,385 - INFO - test - Running Epoch 16
