2021-10-22 16:29:48,338 - INFO - test - loading data...
2021-10-22 16:29:52,195 - INFO - test - load done
2021-10-25 20:26:31,127 - INFO - test - loading data...
2021-10-25 20:27:14,774 - INFO - test - loading data...
2021-10-25 20:27:18,441 - INFO - test - load done
2021-10-25 20:27:25,732 - INFO - test - Running Epoch 1
2021-10-25 20:28:35,356 - INFO - test - loading data...
2021-10-25 20:28:39,199 - INFO - test - load done
2021-10-25 20:28:46,468 - INFO - test - Running Epoch 1
2021-10-25 20:29:08,621 - INFO - test - loading data...
2021-10-25 20:29:12,443 - INFO - test - load done
2021-10-25 20:29:19,734 - INFO - test - Running Epoch 1
2021-10-25 20:31:27,624 - INFO - test - epoch %2d train end: avg_loss = %.4f
2021-10-25 20:31:27,624 - INFO - test - precision@5 : %.4f, precision@10 : %.4f, precision@20 : %.4f 
2021-10-25 20:31:27,624 - INFO - test - recall@5: %.4f, recall@10: %.4f, precision@20 : %.4f
2021-10-25 20:31:27,624 - INFO - test - ndcg@5 : %.4f , ndcg@10 : %.4f , ndcg@20 : %.4f 
2021-10-25 20:35:43,241 - INFO - test - loading data...
2021-10-25 20:35:47,089 - INFO - test - load done
2021-10-25 20:35:54,381 - INFO - test - Running Epoch 1
2021-10-25 20:37:55,418 - INFO - test - epoch  1 train end: avg_loss = 0.0008
2021-10-25 20:37:55,418 - INFO - test - precision@5 : 0.2045, precision@10 : 0.1527, precision@20 : 0.1141 
2021-10-25 20:37:55,418 - INFO - test - recall@5: 0.1444, recall@10: 0.2131, precision@20 : 0.3194
2021-10-25 20:37:55,418 - INFO - test - ndcg@5 : 0.2418 , ndcg@10 : 0.2726 , ndcg@20 : 0.3011 
2021-10-25 20:38:02,714 - INFO - test - epoch  1 test end : avg_loss = 0.0007
2021-10-25 20:38:02,715 - INFO - test - precision@5 : 0.2219 , precision@10 : 0.1649 , precision@20 : 0.1288 
2021-10-25 20:38:02,715 - INFO - test - recall@5 : 0.1456, recall@10 : 0.2098, precision@20 : 0.3295 
2021-10-25 20:38:02,715 - INFO - test - ndcg@5 : 0.2586 , ndcg@10 : 0.2889 , ndcg@20 : 0.3167 
2021-10-25 20:38:02,715 - INFO - test - 
*****************best score****************

2021-10-25 20:38:02,715 - INFO - test - precision@5 : 0.2219 , precision@10 : 0.1649 , precision@20 : 0.1288 

2021-10-25 20:38:02,715 - INFO - test - recall@5 : 0.1456, recall@10 : 0.2098, precision@20 : 0.3295 

2021-10-25 20:38:02,715 - INFO - test - ndcg@5 : 0.2586 , ndcg@10 : 0.2889 , ndcg@20 : 0.3167 

2021-10-25 20:38:02,856 - INFO - test - Running Epoch 2
2021-10-25 20:45:12,521 - INFO - test - loading data...
2021-10-25 20:45:16,353 - INFO - test - load done
2021-10-25 20:45:23,583 - INFO - test - Running Epoch 1
2021-10-25 20:47:30,187 - INFO - test - epoch  1 train end: avg_loss = 0.0007
2021-10-25 20:47:30,188 - INFO - test - precision@5 : 0.2031, precision@10 : 0.1536, precision@20 : 0.1156 
2021-10-25 20:47:30,188 - INFO - test - recall@5: 0.1433, recall@10: 0.2143, precision@20 : 0.3231
2021-10-25 20:47:30,188 - INFO - test - ndcg@5 : 0.2394 , ndcg@10 : 0.2733 , ndcg@20 : 0.3014 
2021-10-25 20:47:37,869 - INFO - test - epoch  1 test end : avg_loss = 0.0007
2021-10-25 20:47:37,869 - INFO - test - precision@5 : 0.2243 , precision@10 : 0.1637 , precision@20 : 0.1275 
2021-10-25 20:47:37,869 - INFO - test - recall@5 : 0.1476, recall@10 : 0.2115, precision@20 : 0.3220 
2021-10-25 20:47:37,869 - INFO - test - ndcg@5 : 0.2606 , ndcg@10 : 0.2871 , ndcg@20 : 0.3174 
2021-10-25 20:47:37,869 - INFO - test - Running Epoch 2
2021-10-25 20:49:38,900 - INFO - test - epoch  2 train end: avg_loss = 0.0006
2021-10-25 20:49:38,900 - INFO - test - precision@5 : 0.2118, precision@10 : 0.1595, precision@20 : 0.1196 
2021-10-25 20:49:38,900 - INFO - test - recall@5: 0.1494, recall@10: 0.2218, precision@20 : 0.3334
2021-10-25 20:49:38,900 - INFO - test - ndcg@5 : 0.2501 , ndcg@10 : 0.2838 , ndcg@20 : 0.3125 
2021-10-25 20:49:46,327 - INFO - test - epoch  2 test end : avg_loss = 0.0007
2021-10-25 20:49:46,328 - INFO - test - precision@5 : 0.2304 , precision@10 : 0.1739 , precision@20 : 0.1288 
2021-10-25 20:49:46,328 - INFO - test - recall@5 : 0.1538, recall@10 : 0.2241, precision@20 : 0.3304 
2021-10-25 20:49:46,328 - INFO - test - ndcg@5 : 0.2657 , ndcg@10 : 0.2927 , ndcg@20 : 0.3208 
2021-10-25 20:49:46,328 - INFO - test - Running Epoch 3
2021-10-25 20:51:48,076 - INFO - test - epoch  3 train end: avg_loss = 0.0006
2021-10-25 20:51:48,076 - INFO - test - precision@5 : 0.2144, precision@10 : 0.1612, precision@20 : 0.1202 
2021-10-25 20:51:48,076 - INFO - test - recall@5: 0.1515, recall@10: 0.2250, precision@20 : 0.3348
2021-10-25 20:51:48,076 - INFO - test - ndcg@5 : 0.2523 , ndcg@10 : 0.2854 , ndcg@20 : 0.3149 
2021-10-25 20:51:55,510 - INFO - test - epoch  3 test end : avg_loss = 0.0007
2021-10-25 20:51:55,510 - INFO - test - precision@5 : 0.2279 , precision@10 : 0.1751 , precision@20 : 0.1309 
2021-10-25 20:51:55,510 - INFO - test - recall@5 : 0.1500, recall@10 : 0.2264, precision@20 : 0.3313 
2021-10-25 20:51:55,510 - INFO - test - ndcg@5 : 0.2625 , ndcg@10 : 0.2932 , ndcg@20 : 0.3199 
2021-10-25 20:51:55,510 - INFO - test - Running Epoch 4
2021-10-25 20:53:56,162 - INFO - test - epoch  4 train end: avg_loss = 0.0006
2021-10-25 20:53:56,163 - INFO - test - precision@5 : 0.2152, precision@10 : 0.1630, precision@20 : 0.1214 
2021-10-25 20:53:56,163 - INFO - test - recall@5: 0.1525, recall@10: 0.2276, precision@20 : 0.3388
2021-10-25 20:53:56,163 - INFO - test - ndcg@5 : 0.2530 , ndcg@10 : 0.2877 , ndcg@20 : 0.3173 
2021-10-25 20:54:03,635 - INFO - test - epoch  4 test end : avg_loss = 0.0007
2021-10-25 20:54:03,635 - INFO - test - precision@5 : 0.2298 , precision@10 : 0.1760 , precision@20 : 0.1336 
2021-10-25 20:54:03,635 - INFO - test - recall@5 : 0.1510, recall@10 : 0.2331, precision@20 : 0.3436 
2021-10-25 20:54:03,635 - INFO - test - ndcg@5 : 0.2623 , ndcg@10 : 0.2981 , ndcg@20 : 0.3254 
2021-10-25 20:54:03,635 - INFO - test - Running Epoch 5
2021-10-25 20:56:02,961 - INFO - test - epoch  5 train end: avg_loss = 0.0006
2021-10-25 20:56:02,961 - INFO - test - precision@5 : 0.2189, precision@10 : 0.1688, precision@20 : 0.1257 
2021-10-25 20:56:02,961 - INFO - test - recall@5: 0.1552, recall@10: 0.2367, precision@20 : 0.3516
2021-10-25 20:56:02,961 - INFO - test - ndcg@5 : 0.2552 , ndcg@10 : 0.2947 , ndcg@20 : 0.3242 
2021-10-25 20:56:11,194 - INFO - test - epoch  5 test end : avg_loss = 0.0007
2021-10-25 20:56:11,194 - INFO - test - precision@5 : 0.2375 , precision@10 : 0.1824 , precision@20 : 0.1382 
2021-10-25 20:56:11,194 - INFO - test - recall@5 : 0.1577, recall@10 : 0.2388, precision@20 : 0.3539 
2021-10-25 20:56:11,194 - INFO - test - ndcg@5 : 0.2685 , ndcg@10 : 0.3055 , ndcg@20 : 0.3343 
2021-10-25 20:56:11,194 - INFO - test - Running Epoch 6
2021-10-25 20:58:13,492 - INFO - test - epoch  6 train end: avg_loss = 0.0006
2021-10-25 20:58:13,492 - INFO - test - precision@5 : 0.2323, precision@10 : 0.1774, precision@20 : 0.1310 
2021-10-25 20:58:13,492 - INFO - test - recall@5: 0.1652, recall@10: 0.2509, precision@20 : 0.3692
2021-10-25 20:58:13,492 - INFO - test - ndcg@5 : 0.2704 , ndcg@10 : 0.3100 , ndcg@20 : 0.3392 
2021-10-25 20:58:20,935 - INFO - test - epoch  6 test end : avg_loss = 0.0007
2021-10-25 20:58:20,935 - INFO - test - precision@5 : 0.2477 , precision@10 : 0.1933 , precision@20 : 0.1450 
2021-10-25 20:58:20,935 - INFO - test - recall@5 : 0.1648, recall@10 : 0.2561, precision@20 : 0.3727 
2021-10-25 20:58:20,936 - INFO - test - ndcg@5 : 0.2875 , ndcg@10 : 0.3276 , ndcg@20 : 0.3546 
2021-10-25 20:58:20,936 - INFO - test - Running Epoch 7
2021-10-25 21:00:21,098 - INFO - test - epoch  7 train end: avg_loss = 0.0006
2021-10-25 21:00:21,098 - INFO - test - precision@5 : 0.2411, precision@10 : 0.1851, precision@20 : 0.1362 
2021-10-25 21:00:21,098 - INFO - test - recall@5: 0.1722, recall@10: 0.2624, precision@20 : 0.3838
2021-10-25 21:00:21,098 - INFO - test - ndcg@5 : 0.2811 , ndcg@10 : 0.3228 , ndcg@20 : 0.3532 
2021-10-25 21:00:28,560 - INFO - test - epoch  7 test end : avg_loss = 0.0006
2021-10-25 21:00:28,560 - INFO - test - precision@5 : 0.2515 , precision@10 : 0.1973 , precision@20 : 0.1488 
2021-10-25 21:00:28,560 - INFO - test - recall@5 : 0.1729, recall@10 : 0.2621, precision@20 : 0.3857 
2021-10-25 21:00:28,560 - INFO - test - ndcg@5 : 0.2926 , ndcg@10 : 0.3362 , ndcg@20 : 0.3660 
2021-10-25 21:00:28,560 - INFO - test - Running Epoch 8
2021-10-25 21:02:32,415 - INFO - test - epoch  8 train end: avg_loss = 0.0005
2021-10-25 21:02:32,415 - INFO - test - precision@5 : 0.2478, precision@10 : 0.1911, precision@20 : 0.1416 
2021-10-25 21:02:32,416 - INFO - test - recall@5: 0.1789, recall@10: 0.2732, precision@20 : 0.3998
2021-10-25 21:02:32,416 - INFO - test - ndcg@5 : 0.2882 , ndcg@10 : 0.3336 , ndcg@20 : 0.3657 
2021-10-25 21:02:40,100 - INFO - test - epoch  8 test end : avg_loss = 0.0006
2021-10-25 21:02:40,100 - INFO - test - precision@5 : 0.2612 , precision@10 : 0.2081 , precision@20 : 0.1562 
2021-10-25 21:02:40,100 - INFO - test - recall@5 : 0.1783, recall@10 : 0.2760, precision@20 : 0.4054 
2021-10-25 21:02:40,101 - INFO - test - ndcg@5 : 0.3013 , ndcg@10 : 0.3501 , ndcg@20 : 0.3808 
2021-10-25 21:02:40,101 - INFO - test - Running Epoch 9
2021-10-25 21:04:47,676 - INFO - test - epoch  9 train end: avg_loss = 0.0005
2021-10-25 21:04:47,676 - INFO - test - precision@5 : 0.2545, precision@10 : 0.1984, precision@20 : 0.1464 
2021-10-25 21:04:47,676 - INFO - test - recall@5: 0.1851, recall@10: 0.2844, precision@20 : 0.4159
2021-10-25 21:04:47,676 - INFO - test - ndcg@5 : 0.2954 , ndcg@10 : 0.3448 , ndcg@20 : 0.3777 
2021-10-25 21:04:55,138 - INFO - test - epoch  9 test end : avg_loss = 0.0006
2021-10-25 21:04:55,138 - INFO - test - precision@5 : 0.2657 , precision@10 : 0.2114 , precision@20 : 0.1588 
2021-10-25 21:04:55,138 - INFO - test - recall@5 : 0.1808, recall@10 : 0.2830, precision@20 : 0.4135 
2021-10-25 21:04:55,138 - INFO - test - ndcg@5 : 0.3047 , ndcg@10 : 0.3549 , ndcg@20 : 0.3869 
2021-10-25 21:04:55,138 - INFO - test - Running Epoch 10
2021-10-25 21:06:56,732 - INFO - test - epoch 10 train end: avg_loss = 0.0005
2021-10-25 21:06:56,732 - INFO - test - precision@5 : 0.2588, precision@10 : 0.2033, precision@20 : 0.1500 
2021-10-25 21:06:56,732 - INFO - test - recall@5: 0.1882, recall@10: 0.2919, precision@20 : 0.4268
2021-10-25 21:06:56,732 - INFO - test - ndcg@5 : 0.2998 , ndcg@10 : 0.3524 , ndcg@20 : 0.3856 
2021-10-25 21:07:04,195 - INFO - test - epoch 10 test end : avg_loss = 0.0006
2021-10-25 21:07:04,196 - INFO - test - precision@5 : 0.2643 , precision@10 : 0.2132 , precision@20 : 0.1614 
2021-10-25 21:07:04,196 - INFO - test - recall@5 : 0.1814, recall@10 : 0.2870, precision@20 : 0.4213 
2021-10-25 21:07:04,196 - INFO - test - ndcg@5 : 0.3036 , ndcg@10 : 0.3589 , ndcg@20 : 0.3911 
2021-10-25 21:07:04,196 - INFO - test - Running Epoch 11
2021-10-25 21:09:10,015 - INFO - test - epoch 11 train end: avg_loss = 0.0005
2021-10-25 21:09:10,016 - INFO - test - precision@5 : 0.2649, precision@10 : 0.2078, precision@20 : 0.1533 
2021-10-25 21:09:10,016 - INFO - test - recall@5: 0.1941, recall@10: 0.2997, precision@20 : 0.4371
2021-10-25 21:09:10,016 - INFO - test - ndcg@5 : 0.3059 , ndcg@10 : 0.3598 , ndcg@20 : 0.3931 
2021-10-25 21:09:17,478 - INFO - test - epoch 11 test end : avg_loss = 0.0006
2021-10-25 21:09:17,479 - INFO - test - precision@5 : 0.2715 , precision@10 : 0.2160 , precision@20 : 0.1628 
2021-10-25 21:09:17,479 - INFO - test - recall@5 : 0.1895, recall@10 : 0.2943, precision@20 : 0.4300 
2021-10-25 21:09:17,479 - INFO - test - ndcg@5 : 0.3101 , ndcg@10 : 0.3644 , ndcg@20 : 0.3978 
2021-10-25 21:09:17,479 - INFO - test - Running Epoch 12
2021-10-25 21:11:16,737 - INFO - test - epoch 12 train end: avg_loss = 0.0005
2021-10-25 21:11:16,737 - INFO - test - precision@5 : 0.2705, precision@10 : 0.2133, precision@20 : 0.1567 
2021-10-25 21:11:16,737 - INFO - test - recall@5: 0.1995, recall@10: 0.3093, precision@20 : 0.4473
2021-10-25 21:11:16,737 - INFO - test - ndcg@5 : 0.3126 , ndcg@10 : 0.3683 , ndcg@20 : 0.4023 
2021-10-25 21:11:24,188 - INFO - test - epoch 12 test end : avg_loss = 0.0006
2021-10-25 21:11:24,189 - INFO - test - precision@5 : 0.2816 , precision@10 : 0.2226 , precision@20 : 0.1662 
2021-10-25 21:11:24,189 - INFO - test - recall@5 : 0.1946, recall@10 : 0.3014, precision@20 : 0.4378 
2021-10-25 21:11:24,189 - INFO - test - ndcg@5 : 0.3214 , ndcg@10 : 0.3744 , ndcg@20 : 0.4069 
2021-10-25 21:11:24,189 - INFO - test - Running Epoch 13
2021-10-25 21:13:24,617 - INFO - test - epoch 13 train end: avg_loss = 0.0005
2021-10-25 21:13:24,617 - INFO - test - precision@5 : 0.2768, precision@10 : 0.2191, precision@20 : 0.1601 
2021-10-25 21:13:24,617 - INFO - test - recall@5: 0.2038, recall@10: 0.3183, precision@20 : 0.4587
2021-10-25 21:13:24,617 - INFO - test - ndcg@5 : 0.3199 , ndcg@10 : 0.3775 , ndcg@20 : 0.4113 
2021-10-25 21:13:32,195 - INFO - test - epoch 13 test end : avg_loss = 0.0006
2021-10-25 21:13:32,195 - INFO - test - precision@5 : 0.2846 , precision@10 : 0.2278 , precision@20 : 0.1696 
2021-10-25 21:13:32,195 - INFO - test - recall@5 : 0.1988, recall@10 : 0.3098, precision@20 : 0.4463 
2021-10-25 21:13:32,196 - INFO - test - ndcg@5 : 0.3244 , ndcg@10 : 0.3804 , ndcg@20 : 0.4136 
2021-10-25 21:13:32,196 - INFO - test - Running Epoch 14
2021-10-25 21:15:39,025 - INFO - test - epoch 14 train end: avg_loss = 0.0005
2021-10-25 21:15:39,026 - INFO - test - precision@5 : 0.2830, precision@10 : 0.2238, precision@20 : 0.1636 
2021-10-25 21:15:39,026 - INFO - test - recall@5: 0.2095, recall@10: 0.3248, precision@20 : 0.4683
2021-10-25 21:15:39,026 - INFO - test - ndcg@5 : 0.3272 , ndcg@10 : 0.3860 , ndcg@20 : 0.4202 
2021-10-25 21:15:46,548 - INFO - test - epoch 14 test end : avg_loss = 0.0006
2021-10-25 21:15:46,548 - INFO - test - precision@5 : 0.2876 , precision@10 : 0.2310 , precision@20 : 0.1730 
2021-10-25 21:15:46,548 - INFO - test - recall@5 : 0.2008, recall@10 : 0.3152, precision@20 : 0.4561 
2021-10-25 21:15:46,548 - INFO - test - ndcg@5 : 0.3276 , ndcg@10 : 0.3866 , ndcg@20 : 0.4186 
2021-10-25 21:15:46,548 - INFO - test - Running Epoch 15
2021-10-25 21:17:50,786 - INFO - test - epoch 15 train end: avg_loss = 0.0005
2021-10-25 21:17:50,787 - INFO - test - precision@5 : 0.2900, precision@10 : 0.2292, precision@20 : 0.1668 
2021-10-25 21:17:50,787 - INFO - test - recall@5: 0.2158, recall@10: 0.3347, precision@20 : 0.4789
2021-10-25 21:17:50,787 - INFO - test - ndcg@5 : 0.3349 , ndcg@10 : 0.3947 , ndcg@20 : 0.4285 
2021-10-25 21:17:58,318 - INFO - test - epoch 15 test end : avg_loss = 0.0006
2021-10-25 21:17:58,318 - INFO - test - precision@5 : 0.2869 , precision@10 : 0.2298 , precision@20 : 0.1740 
2021-10-25 21:17:58,319 - INFO - test - recall@5 : 0.1970, recall@10 : 0.3101, precision@20 : 0.4574 
2021-10-25 21:17:58,319 - INFO - test - ndcg@5 : 0.3261 , ndcg@10 : 0.3864 , ndcg@20 : 0.4194 
2021-10-25 21:17:58,319 - INFO - test - Running Epoch 16
2021-10-25 21:20:00,528 - INFO - test - epoch 16 train end: avg_loss = 0.0005
2021-10-25 21:20:00,528 - INFO - test - precision@5 : 0.2946, precision@10 : 0.2330, precision@20 : 0.1696 
2021-10-25 21:20:00,528 - INFO - test - recall@5: 0.2203, recall@10: 0.3418, precision@20 : 0.4881
2021-10-25 21:20:00,528 - INFO - test - ndcg@5 : 0.3407 , ndcg@10 : 0.4020 , ndcg@20 : 0.4359 
2021-10-25 21:20:08,066 - INFO - test - epoch 16 test end : avg_loss = 0.0006
2021-10-25 21:20:08,066 - INFO - test - precision@5 : 0.2916 , precision@10 : 0.2350 , precision@20 : 0.1764 
2021-10-25 21:20:08,066 - INFO - test - recall@5 : 0.2038, recall@10 : 0.3229, precision@20 : 0.4676 
2021-10-25 21:20:08,066 - INFO - test - ndcg@5 : 0.3358 , ndcg@10 : 0.3982 , ndcg@20 : 0.4305 
2021-10-25 21:20:08,066 - INFO - test - Running Epoch 17
2021-10-25 21:21:44,039 - INFO - test - loading data...
2021-10-25 21:21:47,843 - INFO - test - load done
2021-10-25 21:21:55,091 - INFO - test - Running Epoch 1
2021-10-25 21:23:56,050 - INFO - test - epoch  1 train end: avg_loss = 0.0008
2021-10-25 21:23:56,050 - INFO - test - precision@5 : 0.2065, precision@10 : 0.1579, precision@20 : 0.1180 
2021-10-25 21:23:56,051 - INFO - test - recall@5: 0.1456, recall@10: 0.2186, precision@20 : 0.3301
2021-10-25 21:23:56,051 - INFO - test - ndcg@5 : 0.2375 , ndcg@10 : 0.2741 , ndcg@20 : 0.3022 
2021-10-25 21:24:03,457 - INFO - test - 
*****************evaluating****************

2021-10-25 21:24:03,457 - INFO - test - epoch  1 test end : avg_loss = 0.0008
2021-10-25 21:24:03,457 - INFO - test - precision@5 : 0.2279 , precision@10 : 0.1774 , precision@20 : 0.1333 
2021-10-25 21:24:03,457 - INFO - test - recall@5 : 0.1500, recall@10 : 0.2267, precision@20 : 0.3461 
2021-10-25 21:24:03,457 - INFO - test - ndcg@5 : 0.2634 , ndcg@10 : 0.3000 , ndcg@20 : 0.3282 
2021-10-25 21:24:03,457 - INFO - test - Running Epoch 2
2021-10-25 21:26:01,613 - INFO - test - epoch  2 train end: avg_loss = 0.0007
2021-10-25 21:26:01,614 - INFO - test - precision@5 : 0.2326, precision@10 : 0.1805, precision@20 : 0.1333 
2021-10-25 21:26:01,614 - INFO - test - recall@5: 0.1654, recall@10: 0.2563, precision@20 : 0.3778
2021-10-25 21:26:01,614 - INFO - test - ndcg@5 : 0.2694 , ndcg@10 : 0.3133 , ndcg@20 : 0.3440 
2021-10-25 21:26:09,032 - INFO - test - 
*****************evaluating****************

2021-10-25 21:26:09,032 - INFO - test - epoch  2 test end : avg_loss = 0.0008
2021-10-25 21:26:09,032 - INFO - test - precision@5 : 0.2600 , precision@10 : 0.2048 , precision@20 : 0.1539 
2021-10-25 21:26:09,032 - INFO - test - recall@5 : 0.1773, recall@10 : 0.2740, precision@20 : 0.4024 
2021-10-25 21:26:09,032 - INFO - test - ndcg@5 : 0.2965 , ndcg@10 : 0.3434 , ndcg@20 : 0.3752 
2021-10-25 21:26:09,032 - INFO - test - Running Epoch 3
2021-10-25 21:28:15,163 - INFO - test - epoch  3 train end: avg_loss = 0.0007
2021-10-25 21:28:15,163 - INFO - test - precision@5 : 0.2580, precision@10 : 0.2034, precision@20 : 0.1496 
2021-10-25 21:28:15,163 - INFO - test - recall@5: 0.1871, recall@10: 0.2926, precision@20 : 0.4271
2021-10-25 21:28:15,163 - INFO - test - ndcg@5 : 0.2976 , ndcg@10 : 0.3508 , ndcg@20 : 0.3838 
2021-10-25 21:28:22,559 - INFO - test - 
*****************evaluating****************

2021-10-25 21:28:22,559 - INFO - test - epoch  3 test end : avg_loss = 0.0008
2021-10-25 21:28:22,559 - INFO - test - precision@5 : 0.2790 , precision@10 : 0.2249 , precision@20 : 0.1683 
2021-10-25 21:28:22,559 - INFO - test - recall@5 : 0.1929, recall@10 : 0.3025, precision@20 : 0.4379 
2021-10-25 21:28:22,559 - INFO - test - ndcg@5 : 0.3192 , ndcg@10 : 0.3745 , ndcg@20 : 0.4073 
2021-10-25 21:28:22,559 - INFO - test - Running Epoch 4
2021-10-25 21:30:23,328 - INFO - test - epoch  4 train end: avg_loss = 0.0007
2021-10-25 21:30:23,329 - INFO - test - precision@5 : 0.2763, precision@10 : 0.2193, precision@20 : 0.1607 
2021-10-25 21:30:23,329 - INFO - test - recall@5: 0.2040, recall@10: 0.3195, precision@20 : 0.4620
2021-10-25 21:30:23,329 - INFO - test - ndcg@5 : 0.3176 , ndcg@10 : 0.3769 , ndcg@20 : 0.4102 
2021-10-25 21:30:30,742 - INFO - test - 
*****************evaluating****************

2021-10-25 21:30:30,742 - INFO - test - epoch  4 test end : avg_loss = 0.0007
2021-10-25 21:30:30,742 - INFO - test - precision@5 : 0.2943 , precision@10 : 0.2356 , precision@20 : 0.1773 
2021-10-25 21:30:30,742 - INFO - test - recall@5 : 0.2070, recall@10 : 0.3195, precision@20 : 0.4665 
2021-10-25 21:30:30,742 - INFO - test - ndcg@5 : 0.3360 , ndcg@10 : 0.3960 , ndcg@20 : 0.4283 
2021-10-25 21:30:30,742 - INFO - test - Running Epoch 5
2021-10-25 21:32:32,474 - INFO - test - epoch  5 train end: avg_loss = 0.0006
2021-10-25 21:32:32,474 - INFO - test - precision@5 : 0.2896, precision@10 : 0.2291, precision@20 : 0.1673 
2021-10-25 21:32:32,474 - INFO - test - recall@5: 0.2161, recall@10: 0.3357, precision@20 : 0.4832
2021-10-25 21:32:32,474 - INFO - test - ndcg@5 : 0.3327 , ndcg@10 : 0.3941 , ndcg@20 : 0.4278 
2021-10-25 21:32:39,913 - INFO - test - 
*****************evaluating****************

2021-10-25 21:32:39,913 - INFO - test - epoch  5 test end : avg_loss = 0.0007
2021-10-25 21:32:39,914 - INFO - test - precision@5 : 0.3067 , precision@10 : 0.2420 , precision@20 : 0.1806 
2021-10-25 21:32:39,914 - INFO - test - recall@5 : 0.2187, recall@10 : 0.3351, precision@20 : 0.4792 
2021-10-25 21:32:39,914 - INFO - test - ndcg@5 : 0.3482 , ndcg@10 : 0.4070 , ndcg@20 : 0.4402 
2021-10-25 21:32:39,914 - INFO - test - Running Epoch 6
2021-10-25 21:34:40,813 - INFO - test - epoch  6 train end: avg_loss = 0.0006
2021-10-25 21:34:40,813 - INFO - test - precision@5 : 0.2987, precision@10 : 0.2369, precision@20 : 0.1721 
2021-10-25 21:34:40,814 - INFO - test - recall@5: 0.2242, recall@10: 0.3494, precision@20 : 0.4993
2021-10-25 21:34:40,814 - INFO - test - ndcg@5 : 0.3426 , ndcg@10 : 0.4066 , ndcg@20 : 0.4405 
2021-10-25 21:34:48,234 - INFO - test - 
*****************evaluating****************

2021-10-25 21:34:48,234 - INFO - test - epoch  6 test end : avg_loss = 0.0007
2021-10-25 21:34:48,234 - INFO - test - precision@5 : 0.3148 , precision@10 : 0.2488 , precision@20 : 0.1841 
2021-10-25 21:34:48,234 - INFO - test - recall@5 : 0.2266, recall@10 : 0.3426, precision@20 : 0.4840 
2021-10-25 21:34:48,234 - INFO - test - ndcg@5 : 0.3561 , ndcg@10 : 0.4141 , ndcg@20 : 0.4483 
2021-10-25 21:34:48,234 - INFO - test - Running Epoch 7
2021-10-25 21:36:48,421 - INFO - test - epoch  7 train end: avg_loss = 0.0006
2021-10-25 21:36:48,422 - INFO - test - precision@5 : 0.3077, precision@10 : 0.2431, precision@20 : 0.1761 
2021-10-25 21:36:48,422 - INFO - test - recall@5: 0.2322, recall@10: 0.3599, precision@20 : 0.5107
2021-10-25 21:36:48,422 - INFO - test - ndcg@5 : 0.3534 , ndcg@10 : 0.4178 , ndcg@20 : 0.4525 
2021-10-25 21:36:55,834 - INFO - test - 
*****************evaluating****************

2021-10-25 21:36:55,834 - INFO - test - epoch  7 test end : avg_loss = 0.0007
2021-10-25 21:36:55,834 - INFO - test - precision@5 : 0.3150 , precision@10 : 0.2524 , precision@20 : 0.1875 
2021-10-25 21:36:55,834 - INFO - test - recall@5 : 0.2237, recall@10 : 0.3459, precision@20 : 0.4968 
2021-10-25 21:36:55,834 - INFO - test - ndcg@5 : 0.3581 , ndcg@10 : 0.4213 , ndcg@20 : 0.4539 
2021-10-25 21:36:55,834 - INFO - test - Running Epoch 8
2021-10-25 21:38:55,987 - INFO - test - epoch  8 train end: avg_loss = 0.0006
2021-10-25 21:38:55,987 - INFO - test - precision@5 : 0.3131, precision@10 : 0.2495, precision@20 : 0.1797 
2021-10-25 21:38:55,988 - INFO - test - recall@5: 0.2377, recall@10: 0.3711, precision@20 : 0.5221
2021-10-25 21:38:55,988 - INFO - test - ndcg@5 : 0.3606 , ndcg@10 : 0.4274 , ndcg@20 : 0.4622 
2021-10-25 21:39:03,409 - INFO - test - 
*****************evaluating****************

2021-10-25 21:39:03,409 - INFO - test - epoch  8 test end : avg_loss = 0.0007
2021-10-25 21:39:03,409 - INFO - test - precision@5 : 0.3212 , precision@10 : 0.2560 , precision@20 : 0.1886 
2021-10-25 21:39:03,409 - INFO - test - recall@5 : 0.2288, recall@10 : 0.3536, precision@20 : 0.5049 
2021-10-25 21:39:03,409 - INFO - test - ndcg@5 : 0.3638 , ndcg@10 : 0.4267 , ndcg@20 : 0.4589 
2021-10-25 21:39:03,409 - INFO - test - Running Epoch 9
2021-10-25 21:41:04,851 - INFO - test - epoch  9 train end: avg_loss = 0.0006
2021-10-25 21:41:04,851 - INFO - test - precision@5 : 0.3213, precision@10 : 0.2546, precision@20 : 0.1829 
2021-10-25 21:41:04,851 - INFO - test - recall@5: 0.2445, recall@10: 0.3793, precision@20 : 0.5339
2021-10-25 21:41:04,851 - INFO - test - ndcg@5 : 0.3703 , ndcg@10 : 0.4375 , ndcg@20 : 0.4716 
2021-10-25 21:41:12,269 - INFO - test - 
*****************evaluating****************

2021-10-25 21:41:12,269 - INFO - test - epoch  9 test end : avg_loss = 0.0007
2021-10-25 21:41:12,270 - INFO - test - precision@5 : 0.3236 , precision@10 : 0.2583 , precision@20 : 0.1902 
2021-10-25 21:41:12,270 - INFO - test - recall@5 : 0.2332, recall@10 : 0.3597, precision@20 : 0.5089 
2021-10-25 21:41:12,270 - INFO - test - ndcg@5 : 0.3676 , ndcg@10 : 0.4317 , ndcg@20 : 0.4638 
2021-10-25 21:41:12,270 - INFO - test - Running Epoch 10
2021-10-25 21:43:11,746 - INFO - test - epoch 10 train end: avg_loss = 0.0006
2021-10-25 21:43:11,746 - INFO - test - precision@5 : 0.3277, precision@10 : 0.2602, precision@20 : 0.1862 
2021-10-25 21:43:11,747 - INFO - test - recall@5: 0.2512, recall@10: 0.3885, precision@20 : 0.5443
2021-10-25 21:43:11,747 - INFO - test - ndcg@5 : 0.3770 , ndcg@10 : 0.4456 , ndcg@20 : 0.4800 
2021-10-25 21:43:19,155 - INFO - test - 
*****************evaluating****************

2021-10-25 21:43:19,155 - INFO - test - epoch 10 test end : avg_loss = 0.0007
2021-10-25 21:43:19,155 - INFO - test - precision@5 : 0.3255 , precision@10 : 0.2603 , precision@20 : 0.1921 
2021-10-25 21:43:19,155 - INFO - test - recall@5 : 0.2335, recall@10 : 0.3627, precision@20 : 0.5115 
2021-10-25 21:43:19,155 - INFO - test - ndcg@5 : 0.3698 , ndcg@10 : 0.4346 , ndcg@20 : 0.4656 
2021-10-25 21:43:19,155 - INFO - test - Running Epoch 11
2021-10-25 21:45:14,422 - INFO - test - epoch 11 train end: avg_loss = 0.0006
2021-10-25 21:45:14,423 - INFO - test - precision@5 : 0.3349, precision@10 : 0.2641, precision@20 : 0.1897 
2021-10-25 21:45:14,423 - INFO - test - recall@5: 0.2581, recall@10: 0.3947, precision@20 : 0.5543
2021-10-25 21:45:14,423 - INFO - test - ndcg@5 : 0.3865 , ndcg@10 : 0.4552 , ndcg@20 : 0.4893 
2021-10-25 21:45:21,835 - INFO - test - 
*****************evaluating****************

2021-10-25 21:45:21,836 - INFO - test - epoch 11 test end : avg_loss = 0.0007
2021-10-25 21:45:21,836 - INFO - test - precision@5 : 0.3287 , precision@10 : 0.2615 , precision@20 : 0.1913 
2021-10-25 21:45:21,836 - INFO - test - recall@5 : 0.2374, recall@10 : 0.3635, precision@20 : 0.5098 
2021-10-25 21:45:21,836 - INFO - test - ndcg@5 : 0.3744 , ndcg@10 : 0.4357 , ndcg@20 : 0.4700 
2021-10-25 21:45:21,836 - INFO - test - Running Epoch 12
2021-10-25 21:47:27,658 - INFO - test - epoch 12 train end: avg_loss = 0.0006
2021-10-25 21:47:27,658 - INFO - test - precision@5 : 0.3413, precision@10 : 0.2682, precision@20 : 0.1924 
2021-10-25 21:47:27,658 - INFO - test - recall@5: 0.2633, recall@10: 0.4030, precision@20 : 0.5645
2021-10-25 21:47:27,658 - INFO - test - ndcg@5 : 0.3934 , ndcg@10 : 0.4631 , ndcg@20 : 0.4968 
2021-10-25 21:47:35,074 - INFO - test - 
*****************evaluating****************

2021-10-25 21:47:35,074 - INFO - test - epoch 12 test end : avg_loss = 0.0007
2021-10-25 21:47:35,074 - INFO - test - precision@5 : 0.3299 , precision@10 : 0.2624 , precision@20 : 0.1934 
2021-10-25 21:47:35,074 - INFO - test - recall@5 : 0.2369, recall@10 : 0.3644, precision@20 : 0.5150 
2021-10-25 21:47:35,075 - INFO - test - ndcg@5 : 0.3748 , ndcg@10 : 0.4382 , ndcg@20 : 0.4692 
2021-10-25 21:47:35,075 - INFO - test - Running Epoch 13
2021-10-25 21:49:41,846 - INFO - test - epoch 13 train end: avg_loss = 0.0006
2021-10-25 21:49:41,846 - INFO - test - precision@5 : 0.3465, precision@10 : 0.2730, precision@20 : 0.1946 
2021-10-25 21:49:41,846 - INFO - test - recall@5: 0.2689, recall@10: 0.4118, precision@20 : 0.5714
2021-10-25 21:49:41,846 - INFO - test - ndcg@5 : 0.4005 , ndcg@10 : 0.4706 , ndcg@20 : 0.5048 
2021-10-25 21:49:49,247 - INFO - test - 
*****************evaluating****************

2021-10-25 21:49:49,248 - INFO - test - epoch 13 test end : avg_loss = 0.0007
2021-10-25 21:49:49,248 - INFO - test - precision@5 : 0.3282 , precision@10 : 0.2601 , precision@20 : 0.1933 
2021-10-25 21:49:49,248 - INFO - test - recall@5 : 0.2375, recall@10 : 0.3628, precision@20 : 0.5165 
2021-10-25 21:49:49,248 - INFO - test - ndcg@5 : 0.3738 , ndcg@10 : 0.4382 , ndcg@20 : 0.4704 
2021-10-25 21:49:49,248 - INFO - test - Running Epoch 14
2021-10-25 21:51:56,883 - INFO - test - epoch 14 train end: avg_loss = 0.0006
2021-10-25 21:51:56,884 - INFO - test - precision@5 : 0.3515, precision@10 : 0.2766, precision@20 : 0.1968 
2021-10-25 21:51:56,884 - INFO - test - recall@5: 0.2737, recall@10: 0.4179, precision@20 : 0.5792
2021-10-25 21:51:56,884 - INFO - test - ndcg@5 : 0.4070 , ndcg@10 : 0.4775 , ndcg@20 : 0.5120 
2021-10-25 21:52:04,291 - INFO - test - 
*****************evaluating****************

2021-10-25 21:52:04,291 - INFO - test - epoch 14 test end : avg_loss = 0.0007
2021-10-25 21:52:04,291 - INFO - test - precision@5 : 0.3262 , precision@10 : 0.2627 , precision@20 : 0.1936 
2021-10-25 21:52:04,291 - INFO - test - recall@5 : 0.2355, recall@10 : 0.3680, precision@20 : 0.5210 
2021-10-25 21:52:04,292 - INFO - test - ndcg@5 : 0.3701 , ndcg@10 : 0.4381 , ndcg@20 : 0.4708 
2021-10-25 21:52:04,292 - INFO - test - Running Epoch 15
2021-10-25 21:54:11,367 - INFO - test - epoch 15 train end: avg_loss = 0.0006
2021-10-25 21:54:11,367 - INFO - test - precision@5 : 0.3574, precision@10 : 0.2811, precision@20 : 0.1996 
2021-10-25 21:54:11,367 - INFO - test - recall@5: 0.2791, recall@10: 0.4258, precision@20 : 0.5887
2021-10-25 21:54:11,367 - INFO - test - ndcg@5 : 0.4136 , ndcg@10 : 0.4850 , ndcg@20 : 0.5192 
2021-10-25 21:54:18,778 - INFO - test - 
*****************evaluating****************

2021-10-25 21:54:18,778 - INFO - test - epoch 15 test end : avg_loss = 0.0007
2021-10-25 21:54:18,778 - INFO - test - precision@5 : 0.3271 , precision@10 : 0.2603 , precision@20 : 0.1931 
2021-10-25 21:54:18,778 - INFO - test - recall@5 : 0.2377, recall@10 : 0.3666, precision@20 : 0.5212 
2021-10-25 21:54:18,778 - INFO - test - ndcg@5 : 0.3728 , ndcg@10 : 0.4398 , ndcg@20 : 0.4722 
2021-10-25 21:54:18,778 - INFO - test - Running Epoch 16
2021-10-25 21:56:18,756 - INFO - test - epoch 16 train end: avg_loss = 0.0006
2021-10-25 21:56:18,756 - INFO - test - precision@5 : 0.3637, precision@10 : 0.2851, precision@20 : 0.2021 
2021-10-25 21:56:18,756 - INFO - test - recall@5: 0.2851, recall@10: 0.4328, precision@20 : 0.5957
2021-10-25 21:56:18,757 - INFO - test - ndcg@5 : 0.4205 , ndcg@10 : 0.4918 , ndcg@20 : 0.5256 
2021-10-25 21:56:26,175 - INFO - test - 
*****************evaluating****************

2021-10-25 21:56:26,175 - INFO - test - epoch 16 test end : avg_loss = 0.0007
2021-10-25 21:56:26,175 - INFO - test - precision@5 : 0.3265 , precision@10 : 0.2623 , precision@20 : 0.1930 
2021-10-25 21:56:26,175 - INFO - test - recall@5 : 0.2362, recall@10 : 0.3683, precision@20 : 0.5203 
2021-10-25 21:56:26,175 - INFO - test - ndcg@5 : 0.3724 , ndcg@10 : 0.4389 , ndcg@20 : 0.4697 
2021-10-25 21:56:26,175 - INFO - test - Running Epoch 17
2021-10-25 21:58:33,155 - INFO - test - epoch 17 train end: avg_loss = 0.0006
2021-10-25 21:58:33,155 - INFO - test - precision@5 : 0.3694, precision@10 : 0.2888, precision@20 : 0.2044 
2021-10-25 21:58:33,155 - INFO - test - recall@5: 0.2908, recall@10: 0.4396, precision@20 : 0.6049
2021-10-25 21:58:33,155 - INFO - test - ndcg@5 : 0.4272 , ndcg@10 : 0.4990 , ndcg@20 : 0.5327 
2021-10-25 21:58:40,551 - INFO - test - 
*****************evaluating****************

2021-10-25 21:58:40,551 - INFO - test - epoch 17 test end : avg_loss = 0.0007
2021-10-25 21:58:40,551 - INFO - test - precision@5 : 0.3264 , precision@10 : 0.2618 , precision@20 : 0.1934 
2021-10-25 21:58:40,551 - INFO - test - recall@5 : 0.2377, recall@10 : 0.3696, precision@20 : 0.5225 
2021-10-25 21:58:40,551 - INFO - test - ndcg@5 : 0.3711 , ndcg@10 : 0.4394 , ndcg@20 : 0.4713 
2021-10-25 21:58:40,551 - INFO - test - Running Epoch 18
2021-10-25 22:00:47,474 - INFO - test - epoch 18 train end: avg_loss = 0.0006
2021-10-25 22:00:47,475 - INFO - test - precision@5 : 0.3741, precision@10 : 0.2929, precision@20 : 0.2065 
2021-10-25 22:00:47,475 - INFO - test - recall@5: 0.2951, recall@10: 0.4474, precision@20 : 0.6117
2021-10-25 22:00:47,475 - INFO - test - ndcg@5 : 0.4348 , ndcg@10 : 0.5071 , ndcg@20 : 0.5408 
2021-10-25 22:00:54,890 - INFO - test - 
*****************evaluating****************

2021-10-25 22:00:54,890 - INFO - test - epoch 18 test end : avg_loss = 0.0007
2021-10-25 22:00:54,890 - INFO - test - precision@5 : 0.3277 , precision@10 : 0.2632 , precision@20 : 0.1921 
2021-10-25 22:00:54,890 - INFO - test - recall@5 : 0.2376, recall@10 : 0.3700, precision@20 : 0.5132 
2021-10-25 22:00:54,890 - INFO - test - ndcg@5 : 0.3713 , ndcg@10 : 0.4360 , ndcg@20 : 0.4693 
2021-10-25 22:00:54,890 - INFO - test - Running Epoch 19
2021-10-25 22:02:56,241 - INFO - test - epoch 19 train end: avg_loss = 0.0006
2021-10-25 22:02:56,241 - INFO - test - precision@5 : 0.3802, precision@10 : 0.2966, precision@20 : 0.2087 
2021-10-25 22:02:56,241 - INFO - test - recall@5: 0.3014, recall@10: 0.4537, precision@20 : 0.6184
2021-10-25 22:02:56,242 - INFO - test - ndcg@5 : 0.4411 , ndcg@10 : 0.5128 , ndcg@20 : 0.5459 
2021-10-25 22:03:03,667 - INFO - test - 
*****************evaluating****************

2021-10-25 22:03:03,667 - INFO - test - epoch 19 test end : avg_loss = 0.0007
2021-10-25 22:03:03,667 - INFO - test - precision@5 : 0.3271 , precision@10 : 0.2608 , precision@20 : 0.1920 
2021-10-25 22:03:03,667 - INFO - test - recall@5 : 0.2362, recall@10 : 0.3647, precision@20 : 0.5157 
2021-10-25 22:03:03,667 - INFO - test - ndcg@5 : 0.3711 , ndcg@10 : 0.4363 , ndcg@20 : 0.4668 
2021-10-25 22:03:03,667 - INFO - test - Running Epoch 20
2021-10-25 22:05:06,536 - INFO - test - epoch 20 train end: avg_loss = 0.0006
2021-10-25 22:05:06,536 - INFO - test - precision@5 : 0.3851, precision@10 : 0.3008, precision@20 : 0.2110 
2021-10-25 22:05:06,536 - INFO - test - recall@5: 0.3068, recall@10: 0.4607, precision@20 : 0.6266
2021-10-25 22:05:06,536 - INFO - test - ndcg@5 : 0.4471 , ndcg@10 : 0.5197 , ndcg@20 : 0.5525 
2021-10-25 22:05:13,944 - INFO - test - 
*****************evaluating****************

2021-10-25 22:05:13,944 - INFO - test - epoch 20 test end : avg_loss = 0.0007
2021-10-25 22:05:13,944 - INFO - test - precision@5 : 0.3263 , precision@10 : 0.2621 , precision@20 : 0.1916 
2021-10-25 22:05:13,944 - INFO - test - recall@5 : 0.2359, recall@10 : 0.3665, precision@20 : 0.5135 
2021-10-25 22:05:13,944 - INFO - test - ndcg@5 : 0.3694 , ndcg@10 : 0.4339 , ndcg@20 : 0.4663 
2021-10-25 22:05:13,944 - INFO - test - Running Epoch 21
2021-10-25 22:07:20,645 - INFO - test - epoch 21 train end: avg_loss = 0.0005
2021-10-25 22:07:20,645 - INFO - test - precision@5 : 0.3907, precision@10 : 0.3045, precision@20 : 0.2131 
2021-10-25 22:07:20,645 - INFO - test - recall@5: 0.3120, recall@10: 0.4680, precision@20 : 0.6344
2021-10-25 22:07:20,646 - INFO - test - ndcg@5 : 0.4545 , ndcg@10 : 0.5273 , ndcg@20 : 0.5601 
2021-10-25 22:07:28,075 - INFO - test - 
*****************evaluating****************

2021-10-25 22:07:28,075 - INFO - test - epoch 21 test end : avg_loss = 0.0007
2021-10-25 22:07:28,075 - INFO - test - precision@5 : 0.3228 , precision@10 : 0.2603 , precision@20 : 0.1914 
2021-10-25 22:07:28,075 - INFO - test - recall@5 : 0.2337, recall@10 : 0.3653, precision@20 : 0.5145 
2021-10-25 22:07:28,075 - INFO - test - ndcg@5 : 0.3706 , ndcg@10 : 0.4378 , ndcg@20 : 0.4698 
2021-10-25 22:07:28,075 - INFO - test - Running Epoch 22
2021-10-25 22:09:29,616 - INFO - test - epoch 22 train end: avg_loss = 0.0005
2021-10-25 22:09:29,616 - INFO - test - precision@5 : 0.3943, precision@10 : 0.3076, precision@20 : 0.2150 
2021-10-25 22:09:29,616 - INFO - test - recall@5: 0.3155, recall@10: 0.4727, precision@20 : 0.6399
2021-10-25 22:09:29,616 - INFO - test - ndcg@5 : 0.4596 , ndcg@10 : 0.5330 , ndcg@20 : 0.5660 
2021-10-25 22:09:37,052 - INFO - test - 
*****************evaluating****************

2021-10-25 22:09:37,052 - INFO - test - epoch 22 test end : avg_loss = 0.0007
2021-10-25 22:09:37,052 - INFO - test - precision@5 : 0.3202 , precision@10 : 0.2580 , precision@20 : 0.1904 
2021-10-25 22:09:37,052 - INFO - test - recall@5 : 0.2359, recall@10 : 0.3646, precision@20 : 0.5160 
2021-10-25 22:09:37,052 - INFO - test - ndcg@5 : 0.3644 , ndcg@10 : 0.4325 , ndcg@20 : 0.4644 
2021-10-25 22:09:37,052 - INFO - test - Running Epoch 23
2021-10-25 22:11:37,277 - INFO - test - epoch 23 train end: avg_loss = 0.0005
2021-10-25 22:11:37,277 - INFO - test - precision@5 : 0.4020, precision@10 : 0.3116, precision@20 : 0.2168 
2021-10-25 22:11:37,278 - INFO - test - recall@5: 0.3234, recall@10: 0.4806, precision@20 : 0.6463
2021-10-25 22:11:37,278 - INFO - test - ndcg@5 : 0.4681 , ndcg@10 : 0.5398 , ndcg@20 : 0.5727 
2021-10-25 22:11:44,704 - INFO - test - 
*****************evaluating****************

2021-10-25 22:11:44,705 - INFO - test - epoch 23 test end : avg_loss = 0.0007
2021-10-25 22:11:44,705 - INFO - test - precision@5 : 0.3234 , precision@10 : 0.2571 , precision@20 : 0.1915 
2021-10-25 22:11:44,705 - INFO - test - recall@5 : 0.2354, recall@10 : 0.3598, precision@20 : 0.5156 
2021-10-25 22:11:44,705 - INFO - test - ndcg@5 : 0.3677 , ndcg@10 : 0.4334 , ndcg@20 : 0.4657 
2021-10-25 22:11:44,705 - INFO - test - Running Epoch 24
2021-10-25 22:13:45,237 - INFO - test - epoch 24 train end: avg_loss = 0.0005
2021-10-25 22:13:45,237 - INFO - test - precision@5 : 0.4056, precision@10 : 0.3148, precision@20 : 0.2190 
2021-10-25 22:13:45,237 - INFO - test - recall@5: 0.3269, recall@10: 0.4864, precision@20 : 0.6532
2021-10-25 22:13:45,237 - INFO - test - ndcg@5 : 0.4731 , ndcg@10 : 0.5460 , ndcg@20 : 0.5787 
2021-10-25 22:13:52,672 - INFO - test - 
*****************evaluating****************

2021-10-25 22:13:52,672 - INFO - test - epoch 24 test end : avg_loss = 0.0007
2021-10-25 22:13:52,672 - INFO - test - precision@5 : 0.3212 , precision@10 : 0.2557 , precision@20 : 0.1891 
2021-10-25 22:13:52,672 - INFO - test - recall@5 : 0.2323, recall@10 : 0.3580, precision@20 : 0.5115 
2021-10-25 22:13:52,672 - INFO - test - ndcg@5 : 0.3660 , ndcg@10 : 0.4313 , ndcg@20 : 0.4647 
2021-10-25 22:13:52,672 - INFO - test - Running Epoch 25
2021-10-25 22:15:54,760 - INFO - test - epoch 25 train end: avg_loss = 0.0005
2021-10-25 22:15:54,761 - INFO - test - precision@5 : 0.4103, precision@10 : 0.3185, precision@20 : 0.2209 
2021-10-25 22:15:54,761 - INFO - test - recall@5: 0.3323, recall@10: 0.4929, precision@20 : 0.6612
2021-10-25 22:15:54,761 - INFO - test - ndcg@5 : 0.4789 , ndcg@10 : 0.5525 , ndcg@20 : 0.5841 
2021-10-25 22:16:02,213 - INFO - test - 
*****************evaluating****************

2021-10-25 22:16:02,213 - INFO - test - epoch 25 test end : avg_loss = 0.0007
2021-10-25 22:16:02,213 - INFO - test - precision@5 : 0.3219 , precision@10 : 0.2562 , precision@20 : 0.1900 
2021-10-25 22:16:02,213 - INFO - test - recall@5 : 0.2333, recall@10 : 0.3583, precision@20 : 0.5120 
2021-10-25 22:16:02,213 - INFO - test - ndcg@5 : 0.3661 , ndcg@10 : 0.4315 , ndcg@20 : 0.4641 
