epoch  1 train end : avg_loss = 0.0009precision@5 : 0.1780, precision@10 : 0.1376, precision@20 : 0.1047 
recall@5 : 0.1262, recall@10 : 0.1938, precision@20 : 0.2947 
ndcg@5 : 0.2092 , ndcg@10 : 0.2445 , ndcg@20 : 0.2728 

--------------------------------------------------
epoch  1 test end : avg_loss = 0.0007
precision@5 : 0.2350 , precision@10 : 0.1798 , precision@20 : 0.1314 
recall@5 : 0.1558, recall@10 : 0.2329, precision@20 : 0.3377 
ndcg@5 : 0.2669 , ndcg@10 : 0.2967 , ndcg@20 : 0.3256 
epoch  2 train end : avg_loss = 0.0006precision@5 : 0.2218, precision@10 : 0.1721, precision@20 : 0.1263 
recall@5 : 0.1565, recall@10 : 0.2403, precision@20 : 0.3561 
ndcg@5 : 0.2593 , ndcg@10 : 0.2989 , ndcg@20 : 0.3281 

--------------------------------------------------
epoch  2 test end : avg_loss = 0.0007
precision@5 : 0.2338 , precision@10 : 0.1879 , precision@20 : 0.1402 
recall@5 : 0.1543, recall@10 : 0.2449, precision@20 : 0.3617 
ndcg@5 : 0.2701 , ndcg@10 : 0.3132 , ndcg@20 : 0.3403 
epoch  3 train end : avg_loss = 0.0006precision@5 : 0.2334, precision@10 : 0.1839, precision@20 : 0.1345 
recall@5 : 0.1665, recall@10 : 0.2625, precision@20 : 0.3827 
ndcg@5 : 0.2703 , ndcg@10 : 0.3165 , ndcg@20 : 0.3474 

--------------------------------------------------
epoch  3 test end : avg_loss = 0.0007
precision@5 : 0.2528 , precision@10 : 0.2011 , precision@20 : 0.1480 
recall@5 : 0.1716, recall@10 : 0.2667, precision@20 : 0.3838 
ndcg@5 : 0.2868 , ndcg@10 : 0.3303 , ndcg@20 : 0.3598 
epoch  4 train end : avg_loss = 0.0006precision@5 : 0.2471, precision@10 : 0.1958, precision@20 : 0.1437 
recall@5 : 0.1788, recall@10 : 0.2823, precision@20 : 0.4106 
ndcg@5 : 0.2830 , ndcg@10 : 0.3353 , ndcg@20 : 0.3675 

--------------------------------------------------
epoch  4 test end : avg_loss = 0.0007
precision@5 : 0.2658 , precision@10 : 0.2114 , precision@20 : 0.1569 
recall@5 : 0.1847, recall@10 : 0.2837, precision@20 : 0.4114 
ndcg@5 : 0.3002 , ndcg@10 : 0.3497 , ndcg@20 : 0.3800 
epoch  5 train end : avg_loss = 0.0005precision@5 : 0.2602, precision@10 : 0.2057, precision@20 : 0.1512 
recall@5 : 0.1903, recall@10 : 0.2981, precision@20 : 0.4337 
ndcg@5 : 0.2962 , ndcg@10 : 0.3521 , ndcg@20 : 0.3845 

--------------------------------------------------
epoch  5 test end : avg_loss = 0.0006
precision@5 : 0.2747 , precision@10 : 0.2168 , precision@20 : 0.1627 
recall@5 : 0.1920, recall@10 : 0.2941, precision@20 : 0.4286 
ndcg@5 : 0.3092 , ndcg@10 : 0.3616 , ndcg@20 : 0.3930 
epoch  6 train end : avg_loss = 0.0005precision@5 : 0.2696, precision@10 : 0.2142, precision@20 : 0.1569 
recall@5 : 0.1990, recall@10 : 0.3133, precision@20 : 0.4525 
ndcg@5 : 0.3069 , ndcg@10 : 0.3662 , ndcg@20 : 0.3991 

--------------------------------------------------
epoch  6 test end : avg_loss = 0.0006
precision@5 : 0.2801 , precision@10 : 0.2221 , precision@20 : 0.1669 
recall@5 : 0.1962, recall@10 : 0.3019, precision@20 : 0.4437 
ndcg@5 : 0.3183 , ndcg@10 : 0.3739 , ndcg@20 : 0.4035 
epoch  7 train end : avg_loss = 0.0005precision@5 : 0.2788, precision@10 : 0.2207, precision@20 : 0.1614 
recall@5 : 0.2074, recall@10 : 0.3238, precision@20 : 0.4672 
ndcg@5 : 0.3176 , ndcg@10 : 0.3782 , ndcg@20 : 0.4114 

--------------------------------------------------
epoch  7 test end : avg_loss = 0.0006
precision@5 : 0.2839 , precision@10 : 0.2251 , precision@20 : 0.1684 
recall@5 : 0.2002, recall@10 : 0.3088, precision@20 : 0.4448 
ndcg@5 : 0.3228 , ndcg@10 : 0.3778 , ndcg@20 : 0.4085 
epoch  8 train end : avg_loss = 0.0005precision@5 : 0.2874, precision@10 : 0.2280, precision@20 : 0.1662 
recall@5 : 0.2147, recall@10 : 0.3360, precision@20 : 0.4825 
ndcg@5 : 0.3269 , ndcg@10 : 0.3901 , ndcg@20 : 0.4232 

--------------------------------------------------
epoch  8 test end : avg_loss = 0.0006
precision@5 : 0.2875 , precision@10 : 0.2298 , precision@20 : 0.1708 
recall@5 : 0.2031, recall@10 : 0.3123, precision@20 : 0.4505 
ndcg@5 : 0.3290 , ndcg@10 : 0.3845 , ndcg@20 : 0.4139 
epoch  9 train end : avg_loss = 0.0005precision@5 : 0.2950, precision@10 : 0.2344, precision@20 : 0.1703 
recall@5 : 0.2221, recall@10 : 0.3472, precision@20 : 0.4954 
ndcg@5 : 0.3364 , ndcg@10 : 0.4011 , ndcg@20 : 0.4344 

--------------------------------------------------
epoch  9 test end : avg_loss = 0.0006
precision@5 : 0.2954 , precision@10 : 0.2348 , precision@20 : 0.1729 
recall@5 : 0.2095, recall@10 : 0.3241, precision@20 : 0.4604 
ndcg@5 : 0.3343 , ndcg@10 : 0.3905 , ndcg@20 : 0.4201 
epoch 10 train end : avg_loss = 0.0005precision@5 : 0.3033, precision@10 : 0.2412, precision@20 : 0.1744 
recall@5 : 0.2293, recall@10 : 0.3583, precision@20 : 0.5083 
ndcg@5 : 0.3451 , ndcg@10 : 0.4112 , ndcg@20 : 0.4445 

--------------------------------------------------
epoch 10 test end : avg_loss = 0.0006
precision@5 : 0.2982 , precision@10 : 0.2351 , precision@20 : 0.1738 
recall@5 : 0.2117, recall@10 : 0.3233, precision@20 : 0.4626 
ndcg@5 : 0.3369 , ndcg@10 : 0.3929 , ndcg@20 : 0.4246 
epoch 11 train end : avg_loss = 0.0005precision@5 : 0.3107, precision@10 : 0.2476, precision@20 : 0.1783 
recall@5 : 0.2365, recall@10 : 0.3688, precision@20 : 0.5206 
ndcg@5 : 0.3545 , ndcg@10 : 0.4224 , ndcg@20 : 0.4557 

--------------------------------------------------
epoch 11 test end : avg_loss = 0.0006
precision@5 : 0.2943 , precision@10 : 0.2379 , precision@20 : 0.1746 
recall@5 : 0.2085, recall@10 : 0.3282, precision@20 : 0.4649 
ndcg@5 : 0.3360 , ndcg@10 : 0.3955 , ndcg@20 : 0.4250 
epoch 12 train end : avg_loss = 0.0005precision@5 : 0.3188, precision@10 : 0.2525, precision@20 : 0.1818 
recall@5 : 0.2438, recall@10 : 0.3772, precision@20 : 0.5316 
ndcg@5 : 0.3636 , ndcg@10 : 0.4319 , ndcg@20 : 0.4655 

--------------------------------------------------
epoch 12 test end : avg_loss = 0.0006
precision@5 : 0.3003 , precision@10 : 0.2396 , precision@20 : 0.1755 
recall@5 : 0.2147, recall@10 : 0.3308, precision@20 : 0.4656 
ndcg@5 : 0.3430 , ndcg@10 : 0.3996 , ndcg@20 : 0.4309 
epoch 13 train end : avg_loss = 0.0005precision@5 : 0.3264, precision@10 : 0.2586, precision@20 : 0.1854 
recall@5 : 0.2515, recall@10 : 0.3883, precision@20 : 0.5429 
ndcg@5 : 0.3730 , ndcg@10 : 0.4421 , ndcg@20 : 0.4759 

--------------------------------------------------
epoch 13 test end : avg_loss = 0.0006
precision@5 : 0.2953 , precision@10 : 0.2366 , precision@20 : 0.1755 
recall@5 : 0.2144, recall@10 : 0.3292, precision@20 : 0.4718 
ndcg@5 : 0.3408 , ndcg@10 : 0.4009 , ndcg@20 : 0.4305 
epoch 14 train end : avg_loss = 0.0005precision@5 : 0.3340, precision@10 : 0.2651, precision@20 : 0.1891 
recall@5 : 0.2579, recall@10 : 0.3992, precision@20 : 0.5552 
ndcg@5 : 0.3812 , ndcg@10 : 0.4518 , ndcg@20 : 0.4849 

--------------------------------------------------
epoch 14 test end : avg_loss = 0.0006
precision@5 : 0.2970 , precision@10 : 0.2352 , precision@20 : 0.1741 
recall@5 : 0.2127, recall@10 : 0.3280, precision@20 : 0.4644 
ndcg@5 : 0.3381 , ndcg@10 : 0.3947 , ndcg@20 : 0.4244 
epoch 15 train end : avg_loss = 0.0005precision@5 : 0.3419, precision@10 : 0.2700, precision@20 : 0.1928 
recall@5 : 0.2660, recall@10 : 0.4077, precision@20 : 0.5665 
ndcg@5 : 0.3909 , ndcg@10 : 0.4622 , ndcg@20 : 0.4951 

--------------------------------------------------
epoch 15 test end : avg_loss = 0.0006
precision@5 : 0.2996 , precision@10 : 0.2400 , precision@20 : 0.1754 
recall@5 : 0.2174, recall@10 : 0.3341, precision@20 : 0.4703 
ndcg@5 : 0.3415 , ndcg@10 : 0.3991 , ndcg@20 : 0.4299 
epoch 16 train end : avg_loss = 0.0005precision@5 : 0.3487, precision@10 : 0.2752, precision@20 : 0.1957 
recall@5 : 0.2729, recall@10 : 0.4179, precision@20 : 0.5766 
ndcg@5 : 0.3998 , ndcg@10 : 0.4718 , ndcg@20 : 0.5047 

--------------------------------------------------
epoch 16 test end : avg_loss = 0.0006
precision@5 : 0.3034 , precision@10 : 0.2391 , precision@20 : 0.1738 
recall@5 : 0.2198, recall@10 : 0.3364, precision@20 : 0.4665 
ndcg@5 : 0.3490 , ndcg@10 : 0.4018 , ndcg@20 : 0.4319 
epoch 17 train end : avg_loss = 0.0005precision@5 : 0.3559, precision@10 : 0.2815, precision@20 : 0.1992 
recall@5 : 0.2797, recall@10 : 0.4289, precision@20 : 0.5880 
ndcg@5 : 0.4087 , ndcg@10 : 0.4819 , ndcg@20 : 0.5145 

--------------------------------------------------
epoch 17 test end : avg_loss = 0.0006
precision@5 : 0.3016 , precision@10 : 0.2396 , precision@20 : 0.1746 
recall@5 : 0.2176, recall@10 : 0.3341, precision@20 : 0.4669 
ndcg@5 : 0.3426 , ndcg@10 : 0.3981 , ndcg@20 : 0.4280 
epoch 18 train end : avg_loss = 0.0004precision@5 : 0.3644, precision@10 : 0.2871, precision@20 : 0.2022 
recall@5 : 0.2879, recall@10 : 0.4381, precision@20 : 0.5979 
ndcg@5 : 0.4193 , ndcg@10 : 0.4922 , ndcg@20 : 0.5246 

--------------------------------------------------
epoch 18 test end : avg_loss = 0.0006
precision@5 : 0.2928 , precision@10 : 0.2355 , precision@20 : 0.1732 
recall@5 : 0.2076, recall@10 : 0.3277, precision@20 : 0.4662 
ndcg@5 : 0.3348 , ndcg@10 : 0.3946 , ndcg@20 : 0.4251 
epoch 19 train end : avg_loss = 0.0004precision@5 : 0.3728, precision@10 : 0.2935, precision@20 : 0.2058 
recall@5 : 0.2953, recall@10 : 0.4480, precision@20 : 0.6093 
ndcg@5 : 0.4281 , ndcg@10 : 0.5017 , ndcg@20 : 0.5336 

--------------------------------------------------
epoch 19 test end : avg_loss = 0.0006
precision@5 : 0.3007 , precision@10 : 0.2352 , precision@20 : 0.1734 
recall@5 : 0.2129, recall@10 : 0.3276, precision@20 : 0.4656 
ndcg@5 : 0.3426 , ndcg@10 : 0.3969 , ndcg@20 : 0.4278 
epoch 20 train end : avg_loss = 0.0004precision@5 : 0.3809, precision@10 : 0.2978, precision@20 : 0.2080 
recall@5 : 0.3029, recall@10 : 0.4556, precision@20 : 0.6161 
ndcg@5 : 0.4388 , ndcg@10 : 0.5106 , ndcg@20 : 0.5421 

--------------------------------------------------
epoch 20 test end : avg_loss = 0.0006
precision@5 : 0.2974 , precision@10 : 0.2353 , precision@20 : 0.1726 
recall@5 : 0.2145, recall@10 : 0.3267, precision@20 : 0.4658 
ndcg@5 : 0.3404 , ndcg@10 : 0.3957 , ndcg@20 : 0.4247 
epoch 21 train end : avg_loss = 0.0004precision@5 : 0.3886, precision@10 : 0.3038, precision@20 : 0.2112 
recall@5 : 0.3113, recall@10 : 0.4672, precision@20 : 0.6264 
ndcg@5 : 0.4484 , ndcg@10 : 0.5208 , ndcg@20 : 0.5523 

--------------------------------------------------
epoch 21 test end : avg_loss = 0.0006
precision@5 : 0.2941 , precision@10 : 0.2340 , precision@20 : 0.1712 
recall@5 : 0.2131, recall@10 : 0.3227, precision@20 : 0.4587 
ndcg@5 : 0.3389 , ndcg@10 : 0.3928 , ndcg@20 : 0.4234 
epoch 22 train end : avg_loss = 0.0004precision@5 : 0.3955, precision@10 : 0.3083, precision@20 : 0.2137 
recall@5 : 0.3174, recall@10 : 0.4738, precision@20 : 0.6342 
ndcg@5 : 0.4562 , ndcg@10 : 0.5281 , ndcg@20 : 0.5592 

--------------------------------------------------
epoch 22 test end : avg_loss = 0.0006
precision@5 : 0.2936 , precision@10 : 0.2324 , precision@20 : 0.1703 
recall@5 : 0.2112, recall@10 : 0.3213, precision@20 : 0.4574 
ndcg@5 : 0.3370 , ndcg@10 : 0.3907 , ndcg@20 : 0.4222 
epoch 23 train end : avg_loss = 0.0004precision@5 : 0.4036, precision@10 : 0.3138, precision@20 : 0.2167 
recall@5 : 0.3256, recall@10 : 0.4844, precision@20 : 0.6448 
ndcg@5 : 0.4672 , ndcg@10 : 0.5392 , ndcg@20 : 0.5696 

--------------------------------------------------
epoch 23 test end : avg_loss = 0.0007
precision@5 : 0.2979 , precision@10 : 0.2357 , precision@20 : 0.1712 
recall@5 : 0.2155, recall@10 : 0.3306, precision@20 : 0.4612 
ndcg@5 : 0.3420 , ndcg@10 : 0.3949 , ndcg@20 : 0.4252 
epoch 24 train end : avg_loss = 0.0004precision@5 : 0.4106, precision@10 : 0.3188, precision@20 : 0.2191 
recall@5 : 0.3316, recall@10 : 0.4921, precision@20 : 0.6515 
ndcg@5 : 0.4757 , ndcg@10 : 0.5470 , ndcg@20 : 0.5775 

--------------------------------------------------
epoch 24 test end : avg_loss = 0.0007
precision@5 : 0.2948 , precision@10 : 0.2300 , precision@20 : 0.1703 
recall@5 : 0.2094, recall@10 : 0.3190, precision@20 : 0.4593 
ndcg@5 : 0.3355 , ndcg@10 : 0.3888 , ndcg@20 : 0.4187 
epoch 25 train end : avg_loss = 0.0004precision@5 : 0.4170, precision@10 : 0.3240, precision@20 : 0.2219 
recall@5 : 0.3389, recall@10 : 0.5014, precision@20 : 0.6593 
ndcg@5 : 0.4838 , ndcg@10 : 0.5554 , ndcg@20 : 0.5852 

--------------------------------------------------
epoch 25 test end : avg_loss = 0.0007
precision@5 : 0.2908 , precision@10 : 0.2327 , precision@20 : 0.1699 
recall@5 : 0.2122, recall@10 : 0.3239, precision@20 : 0.4560 
ndcg@5 : 0.3340 , ndcg@10 : 0.3888 , ndcg@20 : 0.4183 
